[INVOCATION AND ENVIRONMENT]
/home/andrew/vmprof-tools/bin/vmprof_runner.sh invoked:
  PREFIX=benchmark/out_thp_final/sssp-urand
  COUNTERFILE=/home/andrew/hugepage_thp.counters
  CF2CONFIG=/home/andrew/thp_enabled_minimal.yaml
  BENCHCPUS=0-11
  BENCHNUMANODE=0
  PERFCOUNTERS=instructions:u,cycles:u,dTLB-loads:u,dtlb_load_misses.miss_causes_a_walk:u,dtlb_load_misses.pde_cache_miss:u,dtlb_load_misses.stlb_hit_2m:u,dtlb_load_misses.stlb_hit_4k:u,dtlb_load_misses.walk_completed_2m_4m:u,dtlb_load_misses.walk_completed_4k:u,dtlb_load_misses.walk_duration:u,ept.walk_cycles:u,page_walker_loads.dtlb_l1:u,page_walker_loads.dtlb_l2:u,page_walker_loads.dtlb_l3:u,page_walker_loads.dtlb_memory:u,page_walker_loads.ept_dtlb_l1:u,page_walker_loads.ept_dtlb_l2:u,page_walker_loads.ept_dtlb_l3:u,page_walker_loads.ept_dtlb_memory:u,mem_uops_retired.all_loads:u,mem_uops_retired.stlb_miss_loads:u
[CPU AFFINITY]
[NUMA CONFIG]
policy: bind
preferred node: 0
physcpubind: 0 1 2 3 4 5 6 7 8 9 10 11 
cpubind: 0 
nodebind: 0 
membind: 0 
[ASLR]
[CF2 CONFIG]
Applying CF2CONFIG: /home/andrew/thp_enabled_minimal.yaml
Successfully applied config!
[SWAP CONFIG]
swapoff /swap.img
[SETTLE DOWN]
Starting pre-experiment sleep
[EXPERIMENTS]
Starting experiments
Read Time:           57.65597
Graph has 134217728 nodes and 2147483394 undirected edges for degree: 15
Trial Time:          15.05563
Trial Time:          13.93402
Trial Time:          13.67988
Trial Time:          13.68473
Trial Time:          13.75446
Trial Time:          13.60599
Trial Time:          13.56106
Trial Time:          13.52909
Trial Time:          13.52409
Trial Time:          13.53934
Trial Time:          13.47850
Trial Time:          13.47283
Trial Time:          13.41083
Trial Time:          13.24672
Trial Time:          13.31649
Trial Time:          13.36044
Trial Time:          13.48673
Trial Time:          13.24869
Trial Time:          13.27506
Trial Time:          13.27629
Trial Time:          13.47380
Trial Time:          13.14622
Trial Time:          13.28610
Trial Time:          13.23922
Trial Time:          13.28732
Trial Time:          13.39642
Trial Time:          13.19940
Trial Time:          13.25459
Trial Time:          13.24340
Trial Time:          13.30268
Trial Time:          13.12234
Trial Time:          13.11562
Trial Time:          13.24676
Trial Time:          13.35909
Trial Time:          13.28118
Trial Time:          13.08737
Trial Time:          13.18711
Trial Time:          13.23164
Trial Time:          13.25100
Trial Time:          13.26289
Trial Time:          13.24439
Trial Time:          13.21426
Trial Time:          13.25646
Trial Time:          13.32868
Trial Time:          13.11777
Trial Time:          13.14881
Trial Time:          13.23265
Trial Time:          13.21943
Trial Time:          13.37365
Trial Time:          13.06903
Trial Time:          13.09735
Trial Time:          13.14372
Trial Time:          13.17141
Trial Time:          13.26957
Trial Time:          13.09457
Trial Time:          13.13035
Trial Time:          13.19133
Trial Time:          13.31990
Trial Time:          13.07231
Trial Time:          13.03749
Trial Time:          13.15620
Trial Time:          13.19508
Trial Time:          13.27990
Trial Time:          12.98960
Average Time:        13.32451
