[INVOCATION AND ENVIRONMENT]
/home/andrew/vmprof-tools/bin/vmprof_runner.sh invoked:
  PREFIX=benchmark/out_thp_final/sssp-web
  COUNTERFILE=/home/andrew/hugepage_thp.counters
  CF2CONFIG=/home/andrew/thp_enabled_minimal.yaml
  BENCHCPUS=0-11
  BENCHNUMANODE=0
  PERFCOUNTERS=instructions:u,cycles:u,dTLB-loads:u,dtlb_load_misses.miss_causes_a_walk:u,dtlb_load_misses.pde_cache_miss:u,dtlb_load_misses.stlb_hit_2m:u,dtlb_load_misses.stlb_hit_4k:u,dtlb_load_misses.walk_completed_2m_4m:u,dtlb_load_misses.walk_completed_4k:u,dtlb_load_misses.walk_duration:u,ept.walk_cycles:u,page_walker_loads.dtlb_l1:u,page_walker_loads.dtlb_l2:u,page_walker_loads.dtlb_l3:u,page_walker_loads.dtlb_memory:u,page_walker_loads.ept_dtlb_l1:u,page_walker_loads.ept_dtlb_l2:u,page_walker_loads.ept_dtlb_l3:u,page_walker_loads.ept_dtlb_memory:u,mem_uops_retired.all_loads:u,mem_uops_retired.stlb_miss_loads:u
[CPU AFFINITY]
[NUMA CONFIG]
policy: bind
preferred node: 0
physcpubind: 0 1 2 3 4 5 6 7 8 9 10 11 
cpubind: 0 
nodebind: 0 
membind: 0 
[ASLR]
[CF2 CONFIG]
Applying CF2CONFIG: /home/andrew/thp_enabled_minimal.yaml
Successfully applied config!
[SWAP CONFIG]
swapoff /swap.img
[SETTLE DOWN]
Starting pre-experiment sleep
[EXPERIMENTS]
Starting experiments
Read Time:           62.04379
Graph has 50636151 nodes and 1930292948 directed edges for degree: 38
Trial Time:          2.45509
Trial Time:          2.19342
Trial Time:          2.07785
Trial Time:          2.12616
Trial Time:          2.07444
Trial Time:          0.01426
Trial Time:          2.11116
Trial Time:          2.07102
Trial Time:          2.07394
Trial Time:          2.12074
Trial Time:          2.08091
Trial Time:          2.10296
Trial Time:          2.07831
Trial Time:          2.06733
Trial Time:          0.02244
Trial Time:          2.12203
Trial Time:          2.07516
Trial Time:          2.10926
Trial Time:          0.02276
Trial Time:          2.08919
Trial Time:          2.07679
Trial Time:          2.11621
Trial Time:          2.06798
Trial Time:          2.09523
Trial Time:          2.07813
Trial Time:          2.06827
Trial Time:          2.10034
Trial Time:          2.06991
Trial Time:          2.06976
Trial Time:          2.08055
Trial Time:          2.07279
Trial Time:          2.09922
Trial Time:          2.05279
Trial Time:          2.06978
Trial Time:          2.09274
Trial Time:          2.05623
Trial Time:          2.09044
Trial Time:          2.05130
Trial Time:          2.05531
Trial Time:          2.07277
Trial Time:          2.05194
Trial Time:          0.01335
Trial Time:          2.10160
Trial Time:          2.05170
Trial Time:          2.05973
Trial Time:          2.08338
Trial Time:          2.06011
Trial Time:          2.10018
Trial Time:          2.06122
Trial Time:          2.06859
Trial Time:          2.07871
Trial Time:          2.06271
Trial Time:          2.10435
Trial Time:          0.02303
Trial Time:          2.05754
Trial Time:          2.05735
Trial Time:          2.09650
Trial Time:          2.05541
Trial Time:          2.10377
Trial Time:          2.04523
Trial Time:          2.05926
Trial Time:          2.09129
Trial Time:          2.06067
Trial Time:          2.11144
Average Time:        1.92631
