[INVOCATION AND ENVIRONMENT]
/home/andrewm/vmprof-tools/bin/vmprof_runner.sh invoked:
  PREFIX=benchmark/out_test3/bc-urand
  COUNTERFILE=/home/andrewm/hugepage.counters
  CF2CONFIG=/home/andrewm/thp_enabled_minimal.yaml
  BENCHCPUS=0-11
  BENCHNUMANODE=0
  PERFCOUNTERS=instructions:u,cycles:u,dTLB-loads:u,dTLB-stores:u,dtlb_load_misses.miss_causes_a_walk:u,dtlb_load_misses.pde_cache_miss:u,dtlb_load_misses.stlb_hit_4k:u,dtlb_load_misses.walk_completed_4k:u,dtlb_load_misses.walk_duration:u,dtlb_store_misses.miss_causes_a_walk:u,dtlb_store_misses.pde_cache_miss:u,dtlb_store_misses.stlb_hit_4k:u,dtlb_store_misses.walk_completed_4k:u,dtlb_store_misses.walk_duration:u,page_walker_loads.dtlb_l1:u,page_walker_loads.dtlb_l2:u,page_walker_loads.dtlb_l3:u,page_walker_loads.dtlb_memory:u,other_assists.any_wb_assist:u,mem_uops_retired.all_loads:u,mem_uops_retired.stlb_miss_loads:u,mem_uops_retired.all_stores:u,mem_uops_retired.stlb_miss_stores:u
[TURBOBOOST]
[SCALING GOVERNER]
[CPU AFFINITY]
[NUMA CONFIG]
policy: bind
preferred node: 0
physcpubind: 0 1 2 3 4 5 6 7 8 9 10 11 
cpubind: 0 
nodebind: 0 
membind: 0 
[ASLR]
[CF2 CONFIG]
Applying CF2CONFIG: /home/andrewm/thp_enabled_minimal.yaml
Successfully applied config!
[SWAP CONFIG]
swapoff UUID=6cf44486-5b39-4ecb-9fbf-f8bd2d0b1edc
[SETTLE DOWN]
Starting pre-experiment sleep
[EXPERIMENTS]
Starting experiments
Read Time:           7.70296
Graph has 134217728 nodes and 2147483394 undirected edges for degree: 15
Trial Time:          93.80462
Trial Time:          98.14070
Trial Time:          93.37657
Trial Time:          93.39615
Trial Time:          95.45722
Trial Time:          95.01353
Trial Time:          96.21805
Trial Time:          90.82065
Trial Time:          90.99921
Trial Time:          97.25945
Trial Time:          94.25473
Trial Time:          94.46164
Trial Time:          95.20131
Trial Time:          95.22756
Trial Time:          94.68112
Trial Time:          96.30238
Average Time:        94.66343
