[INVOCATION AND ENVIRONMENT]
/home/andrewm/vmprof-tools/bin/vmprof_runner.sh invoked:
  PREFIX=benchmark/out_test3/sssp-urand
  COUNTERFILE=/home/andrewm/hugepage.counters
  CF2CONFIG=/home/andrewm/thp_enabled_minimal.yaml
  BENCHCPUS=0-11
  BENCHNUMANODE=0
  PERFCOUNTERS=instructions:u,cycles:u,dTLB-loads:u,dTLB-stores:u,dtlb_load_misses.miss_causes_a_walk:u,dtlb_load_misses.pde_cache_miss:u,dtlb_load_misses.stlb_hit_4k:u,dtlb_load_misses.walk_completed_4k:u,dtlb_load_misses.walk_duration:u,dtlb_store_misses.miss_causes_a_walk:u,dtlb_store_misses.pde_cache_miss:u,dtlb_store_misses.stlb_hit_4k:u,dtlb_store_misses.walk_completed_4k:u,dtlb_store_misses.walk_duration:u,page_walker_loads.dtlb_l1:u,page_walker_loads.dtlb_l2:u,page_walker_loads.dtlb_l3:u,page_walker_loads.dtlb_memory:u,other_assists.any_wb_assist:u,mem_uops_retired.all_loads:u,mem_uops_retired.stlb_miss_loads:u,mem_uops_retired.all_stores:u,mem_uops_retired.stlb_miss_stores:u
[TURBOBOOST]
[SCALING GOVERNER]
[CPU AFFINITY]
[NUMA CONFIG]
policy: bind
preferred node: 0
physcpubind: 0 1 2 3 4 5 6 7 8 9 10 11 
cpubind: 0 
nodebind: 0 
membind: 0 
[ASLR]
[CF2 CONFIG]
Applying CF2CONFIG: /home/andrewm/thp_enabled_minimal.yaml
Successfully applied config!
[SWAP CONFIG]
swapoff UUID=6cf44486-5b39-4ecb-9fbf-f8bd2d0b1edc
[SETTLE DOWN]
Starting pre-experiment sleep
[EXPERIMENTS]
Starting experiments
Read Time:           44.65014
Graph has 134217728 nodes and 2147483394 undirected edges for degree: 15
Trial Time:          15.60493
Trial Time:          15.56859
Trial Time:          15.55705
Trial Time:          15.56478
Trial Time:          15.57583
Trial Time:          15.54475
Trial Time:          15.53059
Trial Time:          15.56059
Trial Time:          15.53341
Trial Time:          15.55717
Trial Time:          15.56493
Trial Time:          15.54760
Trial Time:          15.56086
Trial Time:          15.53946
Trial Time:          15.53516
Trial Time:          15.55250
Trial Time:          15.54338
Trial Time:          15.55228
Trial Time:          15.55834
Trial Time:          15.55725
Trial Time:          15.55556
Trial Time:          15.53762
Trial Time:          15.55203
Trial Time:          15.56037
Trial Time:          15.54932
Trial Time:          15.57031
Trial Time:          15.56912
Trial Time:          15.54292
Trial Time:          15.56741
Trial Time:          15.52248
Trial Time:          15.52162
Trial Time:          15.56007
Trial Time:          15.54332
Trial Time:          15.54420
Trial Time:          15.56428
Trial Time:          15.53747
Trial Time:          15.55802
Trial Time:          15.55766
Trial Time:          15.53786
Trial Time:          15.55607
Trial Time:          15.57152
Trial Time:          15.53717
Trial Time:          15.55273
Trial Time:          15.55273
Trial Time:          15.55882
Trial Time:          15.53738
Trial Time:          15.55416
Trial Time:          15.55322
Trial Time:          15.53221
Trial Time:          15.55321
Trial Time:          15.54073
Trial Time:          15.52103
Trial Time:          15.56178
Trial Time:          15.54625
Trial Time:          15.53024
Trial Time:          15.55553
Trial Time:          15.53404
Trial Time:          15.52727
Trial Time:          15.54278
Trial Time:          15.54536
Trial Time:          15.52963
Trial Time:          15.55030
Trial Time:          15.54153
Trial Time:          15.55393
Average Time:        15.55001
