[INVOCATION AND ENVIRONMENT]
/home/andrew/vmprof-tools/bin/vmprof_runner.sh invoked:
  PREFIX=benchmark/out/bfs-urand
  COUNTERFILE=/home/andrew/hugepage.counters
  CF2CONFIG=/home/andrew/thp_disabled.yaml
  BENCHCPUS=0-11
  BENCHNUMANODE=0
  PERFCOUNTERS=instructions:u,cycles:u,dtlb_load_misses.miss_causes_a_walk:u,dtlb_load_misses.pde_cache_miss:u,dtlb_load_misses.stlb_hit_2m:u,dtlb_load_misses.stlb_hit_4k:u,dtlb_load_misses.walk_completed_2m_4m:u,dtlb_load_misses.walk_completed_4k:u,dtlb_load_misses.walk_duration:u,dtlb_store_misses.miss_causes_a_walk:u,dtlb_store_misses.pde_cache_miss:u,dtlb_store_misses.stlb_hit_2m:u,dtlb_store_misses.stlb_hit_4k:u,dtlb_store_misses.walk_completed_2m_4m:u,dtlb_store_misses.walk_completed_4k:u,dtlb_store_misses.walk_duration:u,page_walker_loads.dtlb_l1:u,page_walker_loads.dtlb_l2:u,page_walker_loads.dtlb_l3:u,page_walker_loads.dtlb_memory:u,page_walker_loads.ept_dtlb_l1:u,page_walker_loads.ept_dtlb_l2:u,page_walker_loads.ept_dtlb_l3:u,page_walker_loads.ept_dtlb_memory:u,mem_uops_retired.all_loads:u,mem_uops_retired.stlb_miss_loads:u,mem_uops_retired.all_stores:u,mem_uops_retired.stlb_miss_stores:u
[CPU AFFINITY]
[NUMA CONFIG]
policy: bind
preferred node: 0
physcpubind: 0 1 2 3 4 5 6 7 8 9 10 11 
cpubind: 0 
nodebind: 0 
membind: 0 
[ASLR]
[CF2 CONFIG]
Applying CF2CONFIG: /home/andrew/thp_disabled.yaml
Successfully applied config!
[SWAP CONFIG]
swapoff /swap.img
[SETTLE DOWN]
Starting pre-experiment sleep
[EXPERIMENTS]
Starting experiments
Read Time:           75.32232
Graph has 134217728 nodes and 2147483394 undirected edges for degree: 15
Trial Time:          2.10644
Trial Time:          1.37959
Trial Time:          1.49499
Trial Time:          1.56835
Trial Time:          1.49591
Trial Time:          1.41103
Trial Time:          1.46309
Trial Time:          1.41229
Trial Time:          2.48688
Trial Time:          1.45653
Trial Time:          1.55887
Trial Time:          1.41486
Trial Time:          1.44054
Trial Time:          1.47232
Trial Time:          1.58165
Trial Time:          1.76555
Trial Time:          1.36901
Trial Time:          1.49107
Trial Time:          2.18157
Trial Time:          1.49747
Trial Time:          1.48083
Trial Time:          1.46699
Trial Time:          1.40381
Trial Time:          1.68079
Trial Time:          1.41712
Trial Time:          1.39011
Trial Time:          1.50557
Trial Time:          1.53144
Trial Time:          1.62102
Trial Time:          1.70216
Trial Time:          1.61315
Trial Time:          1.72459
Trial Time:          1.76014
Trial Time:          1.47960
Trial Time:          1.71889
Trial Time:          1.70959
Trial Time:          1.58385
Trial Time:          1.46490
Trial Time:          1.40639
Trial Time:          1.39368
Trial Time:          1.49489
Trial Time:          1.44409
Trial Time:          1.71479
Trial Time:          1.48560
Trial Time:          1.50950
Trial Time:          1.48610
Trial Time:          1.74021
Trial Time:          1.41582
Trial Time:          1.61022
Trial Time:          1.51301
Trial Time:          1.43453
Trial Time:          1.44224
Trial Time:          1.46108
Trial Time:          1.52853
Trial Time:          1.64965
Trial Time:          1.38840
Trial Time:          1.37892
Trial Time:          1.42580
Trial Time:          1.60110
Trial Time:          2.32105
Trial Time:          1.50842
Trial Time:          1.42141
Trial Time:          1.40664
Trial Time:          1.61101
Average Time:        1.56399
