[INVOCATION AND ENVIRONMENT]
/home/andrew/vmprof-tools/bin/vmprof_runner.sh invoked:
  PREFIX=benchmark/out/bfs-twitter
  COUNTERFILE=/home/andrew/hugepage.counters
  CF2CONFIG=/home/andrew/thp_disabled.yaml
  BENCHCPUS=0-11
  BENCHNUMANODE=0
  PERFCOUNTERS=instructions:u,cycles:u,dtlb_load_misses.miss_causes_a_walk:u,dtlb_load_misses.pde_cache_miss:u,dtlb_load_misses.stlb_hit_2m:u,dtlb_load_misses.stlb_hit_4k:u,dtlb_load_misses.walk_completed_2m_4m:u,dtlb_load_misses.walk_completed_4k:u,dtlb_load_misses.walk_duration:u,dtlb_store_misses.miss_causes_a_walk:u,dtlb_store_misses.pde_cache_miss:u,dtlb_store_misses.stlb_hit_2m:u,dtlb_store_misses.stlb_hit_4k:u,dtlb_store_misses.walk_completed_2m_4m:u,dtlb_store_misses.walk_completed_4k:u,dtlb_store_misses.walk_duration:u,page_walker_loads.dtlb_l1:u,page_walker_loads.dtlb_l2:u,page_walker_loads.dtlb_l3:u,page_walker_loads.dtlb_memory:u,page_walker_loads.ept_dtlb_l1:u,page_walker_loads.ept_dtlb_l2:u,page_walker_loads.ept_dtlb_l3:u,page_walker_loads.ept_dtlb_memory:u,mem_uops_retired.all_loads:u,mem_uops_retired.stlb_miss_loads:u,mem_uops_retired.all_stores:u,mem_uops_retired.stlb_miss_stores:u
[CPU AFFINITY]
[NUMA CONFIG]
policy: bind
preferred node: 0
physcpubind: 0 1 2 3 4 5 6 7 8 9 10 11 
cpubind: 0 
nodebind: 0 
membind: 0 
[ASLR]
[CF2 CONFIG]
Applying CF2CONFIG: /home/andrew/thp_disabled.yaml
Successfully applied config!
[SWAP CONFIG]
swapoff /swap.img
[SETTLE DOWN]
Starting pre-experiment sleep
[EXPERIMENTS]
Starting experiments
Read Time:           32.12717
Graph has 61578415 nodes and 1468364884 directed edges for degree: 23
Trial Time:          0.69912
Trial Time:          0.61645
Trial Time:          1.07343
Trial Time:          1.13523
Trial Time:          0.65554
Trial Time:          0.91003
Trial Time:          0.72582
Trial Time:          0.84498
Trial Time:          0.62317
Trial Time:          0.74676
Trial Time:          0.96399
Trial Time:          1.21123
Trial Time:          0.81065
Trial Time:          0.93983
Trial Time:          0.92991
Trial Time:          0.72063
Trial Time:          0.75766
Trial Time:          0.82647
Trial Time:          1.06261
Trial Time:          0.87612
Trial Time:          0.67533
Trial Time:          0.80506
Trial Time:          0.83513
Trial Time:          1.02499
Trial Time:          0.82692
Trial Time:          0.66638
Trial Time:          0.76426
Trial Time:          0.87079
Trial Time:          0.87987
Trial Time:          1.17831
Trial Time:          0.88839
Trial Time:          0.87568
Trial Time:          1.55595
Trial Time:          1.00723
Trial Time:          5.75773
Trial Time:          0.83844
Trial Time:          0.76838
Trial Time:          0.75846
Trial Time:          0.72262
Trial Time:          0.94701
Trial Time:          0.81639
Trial Time:          0.79631
Trial Time:          0.81221
Trial Time:          0.79475
Trial Time:          0.67114
Trial Time:          1.12865
Trial Time:          1.14118
Trial Time:          0.87095
Trial Time:          0.57677
Trial Time:          0.77201
Trial Time:          0.76712
Trial Time:          0.60053
Trial Time:          0.75895
Trial Time:          0.79011
Trial Time:          0.64216
Trial Time:          0.63604
Trial Time:          0.71487
Trial Time:          0.88405
Trial Time:          0.69474
Trial Time:          0.83026
Trial Time:          1.23993
Trial Time:          0.58807
Trial Time:          0.73179
Trial Time:          1.00772
Average Time:        0.92255
