[INVOCATION AND ENVIRONMENT]
/home/andrew/vmprof-tools/bin/vmprof_runner.sh invoked:
  PREFIX=benchmark/out/bfs-road
  COUNTERFILE=/home/andrew/hugepage.counters
  CF2CONFIG=/home/andrew/thp_disabled.yaml
  BENCHCPUS=0-11
  BENCHNUMANODE=0
  PERFCOUNTERS=instructions:u,cycles:u,dtlb_load_misses.miss_causes_a_walk:u,dtlb_load_misses.pde_cache_miss:u,dtlb_load_misses.stlb_hit_2m:u,dtlb_load_misses.stlb_hit_4k:u,dtlb_load_misses.walk_completed_2m_4m:u,dtlb_load_misses.walk_completed_4k:u,dtlb_load_misses.walk_duration:u,dtlb_store_misses.miss_causes_a_walk:u,dtlb_store_misses.pde_cache_miss:u,dtlb_store_misses.stlb_hit_2m:u,dtlb_store_misses.stlb_hit_4k:u,dtlb_store_misses.walk_completed_2m_4m:u,dtlb_store_misses.walk_completed_4k:u,dtlb_store_misses.walk_duration:u,page_walker_loads.dtlb_l1:u,page_walker_loads.dtlb_l2:u,page_walker_loads.dtlb_l3:u,page_walker_loads.dtlb_memory:u,page_walker_loads.ept_dtlb_l1:u,page_walker_loads.ept_dtlb_l2:u,page_walker_loads.ept_dtlb_l3:u,page_walker_loads.ept_dtlb_memory:u,mem_uops_retired.all_loads:u,mem_uops_retired.stlb_miss_loads:u,mem_uops_retired.all_stores:u,mem_uops_retired.stlb_miss_stores:u
[CPU AFFINITY]
[NUMA CONFIG]
policy: bind
preferred node: 0
physcpubind: 0 1 2 3 4 5 6 7 8 9 10 11 
cpubind: 0 
nodebind: 0 
membind: 0 
[ASLR]
[CF2 CONFIG]
Applying CF2CONFIG: /home/andrew/thp_disabled.yaml
Successfully applied config!
[SWAP CONFIG]
swapoff /swap.img
[SETTLE DOWN]
Starting pre-experiment sleep
[EXPERIMENTS]
Starting experiments
Read Time:           0.50580
Graph has 23947347 nodes and 57708624 directed edges for degree: 2
Trial Time:          1.74052
Trial Time:          0.41063
Trial Time:          0.35762
Trial Time:          0.37391
Trial Time:          0.40620
Trial Time:          0.36796
Trial Time:          0.37401
Trial Time:          0.36908
Trial Time:          0.39673
Trial Time:          0.43278
Trial Time:          0.43196
Trial Time:          0.40558
Trial Time:          0.39480
Trial Time:          0.42169
Trial Time:          0.37623
Trial Time:          0.39451
Trial Time:          0.39529
Trial Time:          0.38579
Trial Time:          0.40409
Trial Time:          0.39540
Trial Time:          0.42856
Trial Time:          0.40315
Trial Time:          0.41677
Trial Time:          0.35696
Trial Time:          0.40834
Trial Time:          0.43848
Trial Time:          0.40226
Trial Time:          0.40357
Trial Time:          0.39865
Trial Time:          0.40163
Trial Time:          0.40005
Trial Time:          0.40852
Trial Time:          0.35336
Trial Time:          0.37633
Trial Time:          0.40322
Trial Time:          0.42060
Trial Time:          0.37303
Trial Time:          0.35806
Trial Time:          0.35022
Trial Time:          0.36586
Trial Time:          0.42333
Trial Time:          0.34332
Trial Time:          0.38519
Trial Time:          0.38502
Trial Time:          0.35656
Trial Time:          0.39703
Trial Time:          0.37682
Trial Time:          0.41733
Trial Time:          0.38055
Trial Time:          0.35143
Trial Time:          0.40531
Trial Time:          0.37336
Trial Time:          0.35421
Trial Time:          0.35951
Trial Time:          0.39778
Trial Time:          0.43907
Trial Time:          0.41498
Trial Time:          0.39484
Trial Time:          0.36946
Trial Time:          0.42055
Trial Time:          0.34987
Trial Time:          0.42147
Trial Time:          0.36698
Trial Time:          0.38339
Average Time:        0.41203
