[INVOCATION AND ENVIRONMENT]
/home/andrew/vmprof-tools/bin/vmprof_runner.sh invoked:
  PREFIX=benchmark/out/sssp-twitter
  COUNTERFILE=/home/andrew/hugepage.counters
  CF2CONFIG=/home/andrew/thp_disabled.yaml
  BENCHCPUS=0-11
  BENCHNUMANODE=0
  PERFCOUNTERS=instructions:u,cycles:u,dtlb_load_misses.miss_causes_a_walk:u,dtlb_load_misses.pde_cache_miss:u,dtlb_load_misses.stlb_hit_2m:u,dtlb_load_misses.stlb_hit_4k:u,dtlb_load_misses.walk_completed_2m_4m:u,dtlb_load_misses.walk_completed_4k:u,dtlb_load_misses.walk_duration:u,dtlb_store_misses.miss_causes_a_walk:u,dtlb_store_misses.pde_cache_miss:u,dtlb_store_misses.stlb_hit_2m:u,dtlb_store_misses.stlb_hit_4k:u,dtlb_store_misses.walk_completed_2m_4m:u,dtlb_store_misses.walk_completed_4k:u,dtlb_store_misses.walk_duration:u,page_walker_loads.dtlb_l1:u,page_walker_loads.dtlb_l2:u,page_walker_loads.dtlb_l3:u,page_walker_loads.dtlb_memory:u,page_walker_loads.ept_dtlb_l1:u,page_walker_loads.ept_dtlb_l2:u,page_walker_loads.ept_dtlb_l3:u,page_walker_loads.ept_dtlb_memory:u,mem_uops_retired.all_loads:u,mem_uops_retired.stlb_miss_loads:u,mem_uops_retired.all_stores:u,mem_uops_retired.stlb_miss_stores:u
[CPU AFFINITY]
[NUMA CONFIG]
policy: bind
preferred node: 0
physcpubind: 0 1 2 3 4 5 6 7 8 9 10 11 
cpubind: 0 
nodebind: 0 
membind: 0 
[ASLR]
[CF2 CONFIG]
Applying CF2CONFIG: /home/andrew/thp_disabled.yaml
Successfully applied config!
[SWAP CONFIG]
swapoff /swap.img
[SETTLE DOWN]
Starting pre-experiment sleep
[EXPERIMENTS]
Starting experiments
Read Time:           86.79573
Graph has 61578415 nodes and 1468364884 directed edges for degree: 23
Trial Time:          8.67943
Trial Time:          8.24204
Trial Time:          8.10195
Trial Time:          8.49101
Trial Time:          8.29440
Trial Time:          8.23885
Trial Time:          8.41432
Trial Time:          8.15501
Trial Time:          8.26210
Trial Time:          8.27416
Trial Time:          8.35104
Trial Time:          8.41585
Trial Time:          8.11506
Trial Time:          8.22648
Trial Time:          8.26157
Trial Time:          8.07719
Trial Time:          8.17875
Trial Time:          8.35182
Trial Time:          8.21084
Trial Time:          8.21916
Trial Time:          8.34772
Trial Time:          8.17324
Trial Time:          8.20945
Trial Time:          8.25589
Trial Time:          8.29074
Trial Time:          8.33179
Trial Time:          8.14558
Trial Time:          8.26345
Trial Time:          8.32577
Trial Time:          8.16549
Trial Time:          8.20551
Trial Time:          8.14374
Trial Time:          8.32207
Trial Time:          8.49714
Trial Time:          8.30979
Trial Time:          8.25836
Trial Time:          8.26863
Trial Time:          8.27340
Trial Time:          8.16685
Trial Time:          8.19638
Trial Time:          8.23194
Trial Time:          8.34234
Trial Time:          8.29004
Trial Time:          8.41456
Trial Time:          8.29013
Trial Time:          8.23954
Trial Time:          8.32347
Trial Time:          8.20097
Trial Time:          8.38511
Trial Time:          8.33887
Trial Time:          8.25040
Trial Time:          8.36754
Trial Time:          8.34267
Trial Time:          8.27816
Trial Time:          8.40534
Trial Time:          8.44675
Trial Time:          8.49211
Trial Time:          8.31630
Trial Time:          8.17317
Trial Time:          8.33551
Trial Time:          8.37551
Trial Time:          8.28242
Trial Time:          8.26137
Trial Time:          8.14968
Average Time:        8.28509
