[INVOCATION AND ENVIRONMENT]
/home/andrew/vmprof-tools/bin/vmprof_runner.sh invoked:
  PREFIX=benchmark/out/sssp-web
  COUNTERFILE=/home/andrew/hugepage.counters
  CF2CONFIG=/home/andrew/thp_disabled.yaml
  BENCHCPUS=0-11
  BENCHNUMANODE=0
  PERFCOUNTERS=instructions:u,cycles:u,dtlb_load_misses.miss_causes_a_walk:u,dtlb_load_misses.pde_cache_miss:u,dtlb_load_misses.stlb_hit_2m:u,dtlb_load_misses.stlb_hit_4k:u,dtlb_load_misses.walk_completed_2m_4m:u,dtlb_load_misses.walk_completed_4k:u,dtlb_load_misses.walk_duration:u,dtlb_store_misses.miss_causes_a_walk:u,dtlb_store_misses.pde_cache_miss:u,dtlb_store_misses.stlb_hit_2m:u,dtlb_store_misses.stlb_hit_4k:u,dtlb_store_misses.walk_completed_2m_4m:u,dtlb_store_misses.walk_completed_4k:u,dtlb_store_misses.walk_duration:u,page_walker_loads.dtlb_l1:u,page_walker_loads.dtlb_l2:u,page_walker_loads.dtlb_l3:u,page_walker_loads.dtlb_memory:u,page_walker_loads.ept_dtlb_l1:u,page_walker_loads.ept_dtlb_l2:u,page_walker_loads.ept_dtlb_l3:u,page_walker_loads.ept_dtlb_memory:u,mem_uops_retired.all_loads:u,mem_uops_retired.stlb_miss_loads:u,mem_uops_retired.all_stores:u,mem_uops_retired.stlb_miss_stores:u
[CPU AFFINITY]
[NUMA CONFIG]
policy: bind
preferred node: 0
physcpubind: 0 1 2 3 4 5 6 7 8 9 10 11 
cpubind: 0 
nodebind: 0 
membind: 0 
[ASLR]
[CF2 CONFIG]
Applying CF2CONFIG: /home/andrew/thp_disabled.yaml
Successfully applied config!
[SWAP CONFIG]
swapoff /swap.img
[SETTLE DOWN]
Starting pre-experiment sleep
[EXPERIMENTS]
Starting experiments
Read Time:           109.50266
Graph has 50636151 nodes and 1930292948 directed edges for degree: 38
Trial Time:          4.53215
Trial Time:          3.89070
Trial Time:          3.79132
Trial Time:          3.88003
Trial Time:          3.78978
Trial Time:          0.01411
Trial Time:          4.00231
Trial Time:          3.76928
Trial Time:          3.76545
Trial Time:          3.93804
Trial Time:          3.82627
Trial Time:          3.80515
Trial Time:          4.00155
Trial Time:          3.86126
Trial Time:          0.02102
Trial Time:          3.80302
Trial Time:          3.86620
Trial Time:          3.78586
Trial Time:          0.02123
Trial Time:          3.83094
Trial Time:          3.91535
Trial Time:          3.78175
Trial Time:          3.98853
Trial Time:          3.77298
Trial Time:          3.78575
Trial Time:          3.95363
Trial Time:          3.78661
Trial Time:          3.78823
Trial Time:          3.87434
Trial Time:          3.79293
Trial Time:          3.76938
Trial Time:          3.86602
Trial Time:          3.76980
Trial Time:          3.77308
Trial Time:          3.87905
Trial Time:          3.78004
Trial Time:          3.76534
Trial Time:          3.88067
Trial Time:          3.77120
Trial Time:          3.78134
Trial Time:          3.88697
Trial Time:          0.01368
Trial Time:          3.79554
Trial Time:          3.96912
Trial Time:          3.78193
Trial Time:          3.78998
Trial Time:          3.92480
Trial Time:          3.77319
Trial Time:          3.78463
Trial Time:          3.90496
Trial Time:          3.77936
Trial Time:          3.79001
Trial Time:          3.93441
Trial Time:          0.02547
Trial Time:          3.78077
Trial Time:          3.78181
Trial Time:          3.88222
Trial Time:          3.78043
Trial Time:          3.88310
Trial Time:          3.92007
Trial Time:          3.77784
Trial Time:          3.93985
Trial Time:          3.78890
Trial Time:          3.78195
Average Time:        3.54910
