[INVOCATION AND ENVIRONMENT]
/home/andrew/vmprof-tools/bin/vmprof_runner.sh invoked:
  PREFIX=benchmark/out/sssp-road
  COUNTERFILE=/home/andrew/hugepage.counters
  CF2CONFIG=/home/andrew/thp_disabled.yaml
  BENCHCPUS=0-11
  BENCHNUMANODE=0
  PERFCOUNTERS=instructions:u,cycles:u,dtlb_load_misses.miss_causes_a_walk:u,dtlb_load_misses.pde_cache_miss:u,dtlb_load_misses.stlb_hit_2m:u,dtlb_load_misses.stlb_hit_4k:u,dtlb_load_misses.walk_completed_2m_4m:u,dtlb_load_misses.walk_completed_4k:u,dtlb_load_misses.walk_duration:u,dtlb_store_misses.miss_causes_a_walk:u,dtlb_store_misses.pde_cache_miss:u,dtlb_store_misses.stlb_hit_2m:u,dtlb_store_misses.stlb_hit_4k:u,dtlb_store_misses.walk_completed_2m_4m:u,dtlb_store_misses.walk_completed_4k:u,dtlb_store_misses.walk_duration:u,page_walker_loads.dtlb_l1:u,page_walker_loads.dtlb_l2:u,page_walker_loads.dtlb_l3:u,page_walker_loads.dtlb_memory:u,page_walker_loads.ept_dtlb_l1:u,page_walker_loads.ept_dtlb_l2:u,page_walker_loads.ept_dtlb_l3:u,page_walker_loads.ept_dtlb_memory:u,mem_uops_retired.all_loads:u,mem_uops_retired.stlb_miss_loads:u,mem_uops_retired.all_stores:u,mem_uops_retired.stlb_miss_stores:u
[CPU AFFINITY]
[NUMA CONFIG]
policy: bind
preferred node: 0
physcpubind: 0 1 2 3 4 5 6 7 8 9 10 11 
cpubind: 0 
nodebind: 0 
membind: 0 
[ASLR]
[CF2 CONFIG]
Applying CF2CONFIG: /home/andrew/thp_disabled.yaml
Successfully applied config!
[SWAP CONFIG]
swapoff /swap.img
[SETTLE DOWN]
Starting pre-experiment sleep
[EXPERIMENTS]
Starting experiments
Read Time:           0.83290
Graph has 23947347 nodes and 57708624 directed edges for degree: 2
Trial Time:          0.38940
Trial Time:          0.32233
Trial Time:          0.34091
Trial Time:          0.34213
Trial Time:          0.33043
Trial Time:          0.33835
Trial Time:          0.32935
Trial Time:          0.34163
Trial Time:          0.33245
Trial Time:          0.35140
Trial Time:          0.32626
Trial Time:          0.32899
Trial Time:          0.33139
Trial Time:          0.32829
Trial Time:          0.33193
Trial Time:          0.33762
Trial Time:          0.32864
Trial Time:          0.33671
Trial Time:          0.32829
Trial Time:          0.32894
Trial Time:          0.37561
Trial Time:          0.33753
Trial Time:          0.32876
Trial Time:          0.33985
Trial Time:          0.32308
Trial Time:          0.32760
Trial Time:          0.36037
Trial Time:          0.35441
Trial Time:          0.33254
Trial Time:          0.32208
Trial Time:          0.32724
Trial Time:          0.32796
Trial Time:          0.33701
Trial Time:          0.32987
Trial Time:          0.33094
Trial Time:          0.34371
Trial Time:          0.32817
Trial Time:          0.34388
Trial Time:          0.34117
Trial Time:          0.33530
Trial Time:          0.32626
Trial Time:          0.33358
Trial Time:          0.32569
Trial Time:          0.32979
Trial Time:          0.33742
Trial Time:          0.34104
Trial Time:          0.34252
Trial Time:          0.32716
Trial Time:          0.32943
Trial Time:          0.33134
Trial Time:          0.33831
Trial Time:          0.33756
Trial Time:          0.33183
Trial Time:          0.33092
Trial Time:          0.33708
Trial Time:          0.32415
Trial Time:          0.35908
Trial Time:          0.35601
Trial Time:          0.32749
Trial Time:          0.32724
Trial Time:          0.34666
Trial Time:          0.33129
Trial Time:          0.33242
Trial Time:          0.32976
Average Time:        0.33604
