[INVOCATION AND ENVIRONMENT]
/home/andrew/vmprof-tools/bin/vmprof_runner.sh invoked:
  PREFIX=benchmark/out/bfs-kron
  COUNTERFILE=/home/andrew/hugepage.counters
  CF2CONFIG=/home/andrew/thp_disabled.yaml
  BENCHCPUS=0-11
  BENCHNUMANODE=0
  PERFCOUNTERS=instructions:u,cycles:u,dTLB-loads:u,dTLB-stores:u,dtlb_load_misses.miss_causes_a_walk:u,dtlb_load_misses.pde_cache_miss:u,dtlb_load_misses.stlb_hit_4k:u,dtlb_load_misses.walk_completed_4k:u,dtlb_load_misses.walk_duration:u,dtlb_store_misses.miss_causes_a_walk:u,dtlb_store_misses.pde_cache_miss:u,dtlb_store_misses.stlb_hit_4k:u,dtlb_store_misses.walk_completed_4k:u,dtlb_store_misses.walk_duration:u,ept.walk_cycles:u,page_walker_loads.dtlb_l1:u,page_walker_loads.dtlb_l2:u,page_walker_loads.dtlb_l3:u,page_walker_loads.dtlb_memory:u,page_walker_loads.ept_dtlb_l1:u,page_walker_loads.ept_dtlb_l2:u,page_walker_loads.ept_dtlb_l3:u,page_walker_loads.ept_dtlb_memory:u,other_assists.any_wb_assist:u,mem_uops_retired.all_loads:u,mem_uops_retired.stlb_miss_loads:u,mem_uops_retired.all_stores:u,mem_uops_retired.stlb_miss_stores:u
[CPU AFFINITY]
[NUMA CONFIG]
policy: bind
preferred node: 0
physcpubind: 0 1 2 3 4 5 6 7 8 9 10 11 
cpubind: 0 
nodebind: 0 
membind: 0 
[ASLR]
[CF2 CONFIG]
Applying CF2CONFIG: /home/andrew/thp_disabled.yaml
Successfully applied config!
[SWAP CONFIG]
swapoff /swap.img
[SETTLE DOWN]
Starting pre-experiment sleep
[EXPERIMENTS]
Starting experiments
Read Time:           53.00168
Graph has 134217728 nodes and 2111632379 undirected edges for degree: 15
Trial Time:          0.96747
Trial Time:          0.90645
Trial Time:          0.70191
Trial Time:          0.83701
Trial Time:          0.62304
Trial Time:          0.90279
Trial Time:          0.71465
Trial Time:          0.57975
Trial Time:          0.60360
Trial Time:          0.68559
Trial Time:          0.80992
Trial Time:          0.98344
Trial Time:          0.66960
Trial Time:          0.66867
Trial Time:          0.77039
Trial Time:          0.71625
Trial Time:          1.00835
Trial Time:          0.79511
Trial Time:          0.63693
Trial Time:          0.69142
Trial Time:          0.77561
Trial Time:          0.71231
Trial Time:          0.71742
Trial Time:          0.78013
Trial Time:          1.07582
Trial Time:          0.67454
Trial Time:          0.56759
Trial Time:          0.60187
Trial Time:          0.80055
Trial Time:          0.61510
Trial Time:          0.67391
Trial Time:          0.76431
Trial Time:          0.59163
Trial Time:          0.57625
Trial Time:          0.89154
Trial Time:          1.29926
Trial Time:          1.31758
Trial Time:          0.65789
Trial Time:          1.32319
Trial Time:          0.86599
Trial Time:          0.60364
Trial Time:          1.03725
Trial Time:          0.77736
Trial Time:          1.29095
Trial Time:          1.00665
Trial Time:          0.77402
Trial Time:          0.81256
Trial Time:          0.74319
Trial Time:          0.62168
Trial Time:          1.05084
Trial Time:          1.28114
Trial Time:          0.78905
Trial Time:          0.76884
Trial Time:          0.61084
Trial Time:          0.73616
Trial Time:          0.77627
Trial Time:          0.72468
Trial Time:          0.84015
Trial Time:          0.71616
Trial Time:          0.65449
Trial Time:          0.61058
Trial Time:          0.83701
Trial Time:          0.69574
Trial Time:          0.80372
Average Time:        0.79872
