[INVOCATION AND ENVIRONMENT]
/home/andrew/vmprof-tools/bin/vmprof_runner.sh invoked:
  PREFIX=benchmark/out/bfs-web
  COUNTERFILE=/home/andrew/hugepage.counters
  CF2CONFIG=/home/andrew/thp_disabled.yaml
  BENCHCPUS=0-11
  BENCHNUMANODE=0
  PERFCOUNTERS=instructions:u,cycles:u,dTLB-loads:u,dTLB-stores:u,dtlb_load_misses.miss_causes_a_walk:u,dtlb_load_misses.pde_cache_miss:u,dtlb_load_misses.stlb_hit_4k:u,dtlb_load_misses.walk_completed_4k:u,dtlb_load_misses.walk_duration:u,dtlb_store_misses.miss_causes_a_walk:u,dtlb_store_misses.pde_cache_miss:u,dtlb_store_misses.stlb_hit_4k:u,dtlb_store_misses.walk_completed_4k:u,dtlb_store_misses.walk_duration:u,ept.walk_cycles:u,page_walker_loads.dtlb_l1:u,page_walker_loads.dtlb_l2:u,page_walker_loads.dtlb_l3:u,page_walker_loads.dtlb_memory:u,page_walker_loads.ept_dtlb_l1:u,page_walker_loads.ept_dtlb_l2:u,page_walker_loads.ept_dtlb_l3:u,page_walker_loads.ept_dtlb_memory:u,other_assists.any_wb_assist:u,mem_uops_retired.all_loads:u,mem_uops_retired.stlb_miss_loads:u,mem_uops_retired.all_stores:u,mem_uops_retired.stlb_miss_stores:u
[CPU AFFINITY]
[NUMA CONFIG]
policy: bind
preferred node: 0
physcpubind: 0 1 2 3 4 5 6 7 8 9 10 11 
cpubind: 0 
nodebind: 0 
membind: 0 
[ASLR]
[CF2 CONFIG]
Applying CF2CONFIG: /home/andrew/thp_disabled.yaml
Successfully applied config!
[SWAP CONFIG]
swapoff /swap.img
[SETTLE DOWN]
Starting pre-experiment sleep
[EXPERIMENTS]
Starting experiments
Read Time:           17.15908
Graph has 50636151 nodes and 1930292948 directed edges for degree: 38
Trial Time:          0.71155
Trial Time:          0.77104
Trial Time:          0.68646
Trial Time:          0.68140
Trial Time:          0.74932
Trial Time:          0.04021
Trial Time:          0.72287
Trial Time:          0.69591
Trial Time:          0.71029
Trial Time:          0.66493
Trial Time:          0.73646
Trial Time:          0.69672
Trial Time:          0.66745
Trial Time:          0.68376
Trial Time:          0.04343
Trial Time:          0.72369
Trial Time:          0.68772
Trial Time:          0.73337
Trial Time:          0.04069
Trial Time:          0.69201
Trial Time:          0.66397
Trial Time:          0.74279
Trial Time:          0.73286
Trial Time:          0.68746
Trial Time:          0.70140
Trial Time:          0.74194
Trial Time:          0.74044
Trial Time:          0.69514
Trial Time:          0.74126
Trial Time:          0.67075
Trial Time:          0.69169
Trial Time:          0.68316
Trial Time:          0.77192
Trial Time:          0.67764
Trial Time:          0.67299
Trial Time:          0.69558
Trial Time:          0.81076
Trial Time:          0.68949
Trial Time:          0.63812
Trial Time:          0.73504
Trial Time:          0.72050
Trial Time:          0.03872
Trial Time:          0.70070
Trial Time:          0.68484
Trial Time:          0.69033
Trial Time:          0.74473
Trial Time:          0.68135
Trial Time:          0.69561
Trial Time:          0.75988
Trial Time:          0.72643
Trial Time:          0.64108
Trial Time:          0.69241
Trial Time:          0.70892
Trial Time:          0.04020
Trial Time:          0.71112
Trial Time:          0.72497
Trial Time:          0.72149
Trial Time:          0.69617
Trial Time:          0.72121
Trial Time:          0.71405
Trial Time:          0.74634
Trial Time:          0.71965
Trial Time:          0.71075
Trial Time:          0.68293
Average Time:        0.65622
