[INVOCATION AND ENVIRONMENT]
/home/andrew/vmprof-tools/bin/vmprof_runner.sh invoked:
  PREFIX=benchmark/out/pr-road
  COUNTERFILE=/home/andrew/hugepage.counters
  CF2CONFIG=/home/andrew/thp_disabled.yaml
  BENCHCPUS=0-11
  BENCHNUMANODE=0
  PERFCOUNTERS=instructions:u,cycles:u,dTLB-loads:u,dTLB-stores:u,dtlb_load_misses.miss_causes_a_walk:u,dtlb_load_misses.pde_cache_miss:u,dtlb_load_misses.stlb_hit_4k:u,dtlb_load_misses.walk_completed_4k:u,dtlb_load_misses.walk_duration:u,dtlb_store_misses.miss_causes_a_walk:u,dtlb_store_misses.pde_cache_miss:u,dtlb_store_misses.stlb_hit_4k:u,dtlb_store_misses.walk_completed_4k:u,dtlb_store_misses.walk_duration:u,ept.walk_cycles:u,page_walker_loads.dtlb_l1:u,page_walker_loads.dtlb_l2:u,page_walker_loads.dtlb_l3:u,page_walker_loads.dtlb_memory:u,page_walker_loads.ept_dtlb_l1:u,page_walker_loads.ept_dtlb_l2:u,page_walker_loads.ept_dtlb_l3:u,page_walker_loads.ept_dtlb_memory:u,other_assists.any_wb_assist:u,mem_uops_retired.all_loads:u,mem_uops_retired.stlb_miss_loads:u,mem_uops_retired.all_stores:u,mem_uops_retired.stlb_miss_stores:u
[CPU AFFINITY]
[NUMA CONFIG]
policy: bind
preferred node: 0
physcpubind: 0 1 2 3 4 5 6 7 8 9 10 11 
cpubind: 0 
nodebind: 0 
membind: 0 
[ASLR]
[CF2 CONFIG]
Applying CF2CONFIG: /home/andrew/thp_disabled.yaml
Successfully applied config!
[SWAP CONFIG]
swapoff /swap.img
[SETTLE DOWN]
Starting pre-experiment sleep
[EXPERIMENTS]
Starting experiments
Read Time:           0.42116
Graph has 23947347 nodes and 57708624 directed edges for degree: 2
Trial Time:          0.51814
Trial Time:          0.58600
Trial Time:          0.54897
Trial Time:          0.56533
Trial Time:          0.55258
Trial Time:          0.55957
Trial Time:          0.56821
Trial Time:          0.55331
Trial Time:          0.56926
Trial Time:          0.54833
Trial Time:          0.56715
Trial Time:          0.55641
Trial Time:          0.58117
Trial Time:          0.54605
Trial Time:          0.56869
Trial Time:          0.54999
Average Time:        0.55870
