[INVOCATION AND ENVIRONMENT]
/home/andrew/vmprof-tools/bin/vmprof_runner.sh invoked:
  PREFIX=benchmark/out/sssp-urand
  COUNTERFILE=/home/andrew/hugepage.counters
  CF2CONFIG=/home/andrew/thp_disabled.yaml
  BENCHCPUS=0-11
  BENCHNUMANODE=0
  PERFCOUNTERS=instructions:u,cycles:u,dTLB-loads:u,dTLB-stores:u,dtlb_load_misses.miss_causes_a_walk:u,dtlb_load_misses.pde_cache_miss:u,dtlb_load_misses.stlb_hit_4k:u,dtlb_load_misses.walk_completed_4k:u,dtlb_load_misses.walk_duration:u,dtlb_store_misses.miss_causes_a_walk:u,dtlb_store_misses.pde_cache_miss:u,dtlb_store_misses.stlb_hit_4k:u,dtlb_store_misses.walk_completed_4k:u,dtlb_store_misses.walk_duration:u,ept.walk_cycles:u,page_walker_loads.dtlb_l1:u,page_walker_loads.dtlb_l2:u,page_walker_loads.dtlb_l3:u,page_walker_loads.dtlb_memory:u,page_walker_loads.ept_dtlb_l1:u,page_walker_loads.ept_dtlb_l2:u,page_walker_loads.ept_dtlb_l3:u,page_walker_loads.ept_dtlb_memory:u,other_assists.any_wb_assist:u,mem_uops_retired.all_loads:u,mem_uops_retired.stlb_miss_loads:u,mem_uops_retired.all_stores:u,mem_uops_retired.stlb_miss_stores:u
[CPU AFFINITY]
[NUMA CONFIG]
policy: bind
preferred node: 0
physcpubind: 0 1 2 3 4 5 6 7 8 9 10 11 
cpubind: 0 
nodebind: 0 
membind: 0 
[ASLR]
[CF2 CONFIG]
Applying CF2CONFIG: /home/andrew/thp_disabled.yaml
Successfully applied config!
[SWAP CONFIG]
swapoff /swap.img
[SETTLE DOWN]
Starting pre-experiment sleep
[EXPERIMENTS]
Starting experiments
Read Time:           88.99010
Graph has 134217728 nodes and 2147483394 undirected edges for degree: 15
Trial Time:          44.26904
Trial Time:          42.46350
Trial Time:          42.26865
Trial Time:          42.35316
Trial Time:          42.52089
Trial Time:          42.39100
Trial Time:          42.00159
Trial Time:          42.05360
Trial Time:          42.01607
Trial Time:          41.40977
Trial Time:          41.88806
Trial Time:          41.67056
Trial Time:          41.06797
Trial Time:          42.14484
Trial Time:          41.96732
Trial Time:          41.91547
Trial Time:          42.16757
Trial Time:          41.85245
Trial Time:          42.70247
Trial Time:          42.98963
Trial Time:          43.34638
Trial Time:          42.59764
Trial Time:          42.49378
Trial Time:          42.36373
Trial Time:          42.17194
Trial Time:          42.16829
Trial Time:          42.38115
Trial Time:          42.77585
Trial Time:          42.89879
Trial Time:          42.51293
Trial Time:          42.50830
Trial Time:          42.21697
Trial Time:          41.81020
Trial Time:          42.00659
Trial Time:          42.13277
Trial Time:          41.95392
Trial Time:          41.68742
Trial Time:          41.95845
Trial Time:          42.18382
Trial Time:          41.94316
Trial Time:          42.06455
Trial Time:          41.95993
Trial Time:          42.20225
Trial Time:          42.17127
Trial Time:          42.20466
Trial Time:          42.46116
Trial Time:          42.64742
Trial Time:          42.69160
Trial Time:          42.57300
Trial Time:          42.71202
Trial Time:          42.40243
Trial Time:          42.47982
Trial Time:          43.08072
Trial Time:          42.75057
Trial Time:          43.16651
Trial Time:          42.52889
Trial Time:          42.29663
Trial Time:          42.39626
Trial Time:          42.06929
Trial Time:          41.99142
Trial Time:          41.85958
Trial Time:          41.72346
Trial Time:          42.30218
Trial Time:          41.78146
Average Time:        42.29286
