[INVOCATION AND ENVIRONMENT]
/home/andrewm/vmprof-tools/bin/vmprof_runner.sh invoked:
  PREFIX=benchmark/out_thp_final/bc-kron
  COUNTERFILE=/home/andrewm/hugepage_thp.counters
  CF2CONFIG=/home/andrewm/thp_enabled_minimal.yaml
  BENCHCPUS=0-11
  BENCHNUMANODE=0
  PERFCOUNTERS=instructions:u,cycles:u,dTLB-loads:u,dtlb_load_misses.miss_causes_a_walk:u,dtlb_load_misses.pde_cache_miss:u,dtlb_load_misses.stlb_hit_2m:u,dtlb_store_misses.stlb_hit_4k:u,dtlb_load_misses.walk_completed_2m_4m:u,dtlb_load_misses.walk_completed_4k:u,dtlb_load_misses.walk_duration:u,page_walker_loads.dtlb_l1:u,page_walker_loads.dtlb_l2:u,page_walker_loads.dtlb_l3:u,page_walker_loads.dtlb_memory:u,mem_uops_retired.all_loads:u,mem_uops_retired.stlb_miss_loads:u
[TURBOBOOST]
[SCALING GOVERNER]
[CPU AFFINITY]
[NUMA CONFIG]
policy: bind
preferred node: 0
physcpubind: 0 1 2 3 4 5 6 7 8 9 10 11 
cpubind: 0 
nodebind: 0 
membind: 0 
[ASLR]
[CF2 CONFIG]
git rev-parse --show-toplevel ran with error. Cannot find project root.
git subprocess stderr: fatal: detected dubious ownership in repository at '/home/andrewm/vmprof-tools/cf2'
To add an exception for this directory, call:

	git config --global --add safe.directory /home/andrewm/vmprof-tools/cf2
Applying CF2CONFIG: /home/andrewm/thp_enabled_minimal.yaml
Successfully applied config!
[SWAP CONFIG]
swapoff UUID=6cf44486-5b39-4ecb-9fbf-f8bd2d0b1edc
[SETTLE DOWN]
Starting pre-experiment sleep
[EXPERIMENTS]
Starting experiments
Read Time:           7.71541
Graph has 134217726 nodes and 2111632379 undirected edges for degree: 15
Trial Time:          68.81692
Trial Time:          66.86214
Trial Time:          81.20350
Trial Time:          66.99118
Trial Time:          66.49589
Trial Time:          76.47829
Trial Time:          72.37814
Trial Time:          63.97004
Trial Time:          80.65751
Trial Time:          74.88297
Trial Time:          67.90641
Trial Time:          75.88251
Trial Time:          69.27348
Trial Time:          69.42592
Trial Time:          64.08084
Trial Time:          73.96157
Average Time:        71.20421
