[INVOCATION AND ENVIRONMENT]
/home/andrewm/vmprof-tools/bin/vmprof_runner.sh invoked:
  PREFIX=benchmark/out_thp_final/sssp-twitter
  COUNTERFILE=/home/andrewm/hugepage_thp.counters
  CF2CONFIG=/home/andrewm/thp_enabled_minimal.yaml
  BENCHCPUS=0-11
  BENCHNUMANODE=0
  PERFCOUNTERS=instructions:u,cycles:u,dTLB-loads:u,dtlb_load_misses.miss_causes_a_walk:u,dtlb_load_misses.pde_cache_miss:u,dtlb_load_misses.stlb_hit_2m:u,dtlb_store_misses.stlb_hit_4k:u,dtlb_load_misses.walk_completed_2m_4m:u,dtlb_load_misses.walk_completed_4k:u,dtlb_load_misses.walk_duration:u,page_walker_loads.dtlb_l1:u,page_walker_loads.dtlb_l2:u,page_walker_loads.dtlb_l3:u,page_walker_loads.dtlb_memory:u,mem_uops_retired.all_loads:u,mem_uops_retired.stlb_miss_loads:u
[TURBOBOOST]
[SCALING GOVERNER]
[CPU AFFINITY]
[NUMA CONFIG]
policy: bind
preferred node: 0
physcpubind: 0 1 2 3 4 5 6 7 8 9 10 11 
cpubind: 0 
nodebind: 0 
membind: 0 
[ASLR]
[CF2 CONFIG]
git rev-parse --show-toplevel ran with error. Cannot find project root.
git subprocess stderr: fatal: detected dubious ownership in repository at '/home/andrewm/vmprof-tools/cf2'
To add an exception for this directory, call:

	git config --global --add safe.directory /home/andrewm/vmprof-tools/cf2
Applying CF2CONFIG: /home/andrewm/thp_enabled_minimal.yaml
Successfully applied config!
[SWAP CONFIG]
swapoff UUID=6cf44486-5b39-4ecb-9fbf-f8bd2d0b1edc
[SETTLE DOWN]
Starting pre-experiment sleep
[EXPERIMENTS]
Starting experiments
Read Time:           63.90352
Graph has 61578415 nodes and 1468364884 directed edges for degree: 23
Trial Time:          3.56936
Trial Time:          3.57026
Trial Time:          3.60264
Trial Time:          3.60736
Trial Time:          3.58860
Trial Time:          3.62359
Trial Time:          3.58671
Trial Time:          3.57481
Trial Time:          3.62278
Trial Time:          3.55822
Trial Time:          3.55495
Trial Time:          3.59182
Trial Time:          3.55001
Trial Time:          3.57670
Trial Time:          3.62568
Trial Time:          3.54230
Trial Time:          3.55916
Trial Time:          3.58686
Trial Time:          3.57762
Trial Time:          3.56251
Trial Time:          3.62514
Trial Time:          3.59670
Trial Time:          3.55293
Trial Time:          3.56987
Trial Time:          3.63576
Trial Time:          3.56594
Trial Time:          3.58699
Trial Time:          3.60235
Trial Time:          3.59705
Trial Time:          3.57890
Trial Time:          3.60403
Trial Time:          3.56887
Trial Time:          3.59571
Trial Time:          3.61667
Trial Time:          3.58041
Trial Time:          3.58158
Trial Time:          3.64207
Trial Time:          3.57688
Trial Time:          3.56206
Trial Time:          3.59819
Trial Time:          3.58694
Trial Time:          3.60281
Trial Time:          3.60219
Trial Time:          3.62638
Trial Time:          3.60538
Trial Time:          3.56463
Trial Time:          3.61206
Trial Time:          3.55955
Trial Time:          3.63498
Trial Time:          3.61146
Trial Time:          3.58482
Trial Time:          3.61338
Trial Time:          3.55304
Trial Time:          3.60274
Trial Time:          3.59303
Trial Time:          3.54034
Trial Time:          3.63107
Trial Time:          3.61211
Trial Time:          3.60291
Trial Time:          3.58251
Trial Time:          3.59907
Trial Time:          3.58575
Trial Time:          3.56977
Trial Time:          3.60971
Average Time:        3.58995
