[INVOCATION AND ENVIRONMENT]
/home/andrewm/vmprof-tools/bin/vmprof_runner.sh invoked:
  PREFIX=benchmark/out/bfs-kron
  COUNTERFILE=/home/andrewm/hugepage.counters
  CF2CONFIG=/home/andrewm/thp_disabled.yaml
  BENCHCPUS=0-11
  BENCHNUMANODE=0
  PERFCOUNTERS=instructions:u,cycles:u,dTLB-loads:u,dTLB-stores:u,dtlb_load_misses.miss_causes_a_walk:u,dtlb_load_misses.pde_cache_miss:u,dtlb_load_misses.stlb_hit_4k:u,dtlb_load_misses.walk_completed_4k:u,dtlb_load_misses.walk_duration:u,dtlb_store_misses.miss_causes_a_walk:u,dtlb_store_misses.pde_cache_miss:u,dtlb_store_misses.stlb_hit_4k:u,dtlb_store_misses.walk_completed_4k:u,dtlb_store_misses.walk_duration:u,page_walker_loads.dtlb_l1:u,page_walker_loads.dtlb_l2:u,page_walker_loads.dtlb_l3:u,page_walker_loads.dtlb_memory:u,other_assists.any_wb_assist:u,mem_uops_retired.all_loads:u,mem_uops_retired.stlb_miss_loads:u,mem_uops_retired.all_stores:u,mem_uops_retired.stlb_miss_stores:u
[TURBOBOOST]
[SCALING GOVERNER]
[CPU AFFINITY]
[NUMA CONFIG]
policy: bind
preferred node: 0
physcpubind: 0 1 2 3 4 5 6 7 8 9 10 11 
cpubind: 0 
nodebind: 0 
membind: 0 
[ASLR]
[CF2 CONFIG]
Applying CF2CONFIG: /home/andrewm/thp_disabled.yaml
Successfully applied config!
[SWAP CONFIG]
swapoff UUID=6cf44486-5b39-4ecb-9fbf-f8bd2d0b1edc
[SETTLE DOWN]
Starting pre-experiment sleep
[EXPERIMENTS]
Starting experiments
Read Time:           24.41820
Graph has 134217726 nodes and 2111632379 undirected edges for degree: 15
Trial Time:          0.56493
Trial Time:          0.60393
Trial Time:          0.61887
Trial Time:          0.68510
Trial Time:          0.70510
Trial Time:          0.66040
Trial Time:          0.85551
Trial Time:          0.61253
Trial Time:          0.59586
Trial Time:          0.62402
Trial Time:          0.64139
Trial Time:          0.60483
Trial Time:          0.99333
Trial Time:          0.56638
Trial Time:          0.70924
Trial Time:          0.54477
Trial Time:          0.61636
Trial Time:          0.64261
Trial Time:          0.68287
Trial Time:          0.66890
Trial Time:          0.55330
Trial Time:          0.55401
Trial Time:          0.60791
Trial Time:          0.63448
Trial Time:          0.51398
Trial Time:          0.61124
Trial Time:          0.72512
Trial Time:          0.68198
Trial Time:          0.86040
Trial Time:          0.64887
Trial Time:          0.62696
Trial Time:          0.67541
Trial Time:          0.60578
Trial Time:          0.68541
Trial Time:          0.53388
Trial Time:          0.58256
Trial Time:          0.52477
Trial Time:          0.51633
Trial Time:          0.55642
Trial Time:          0.60425
Trial Time:          0.67276
Trial Time:          0.65765
Trial Time:          0.55750
Trial Time:          0.80884
Trial Time:          0.61486
Trial Time:          0.55270
Trial Time:          0.64548
Trial Time:          0.96044
Trial Time:          0.53406
Trial Time:          0.52182
Trial Time:          0.95978
Trial Time:          0.61615
Trial Time:          0.66578
Trial Time:          0.70777
Trial Time:          0.61079
Trial Time:          0.51949
Trial Time:          0.62914
Trial Time:          0.67459
Trial Time:          1.13063
Trial Time:          0.64514
Trial Time:          0.62943
Trial Time:          0.64123
Trial Time:          0.60159
Trial Time:          0.62510
Average Time:        0.65129
