[INVOCATION AND ENVIRONMENT]
/home/andrewm/vmprof-tools/bin/vmprof_runner.sh invoked:
  PREFIX=benchmark/out/bfs-web
  COUNTERFILE=/home/andrewm/hugepage.counters
  CF2CONFIG=/home/andrewm/thp_disabled.yaml
  BENCHCPUS=0-11
  BENCHNUMANODE=0
  PERFCOUNTERS=instructions:u,cycles:u,dTLB-loads:u,dTLB-stores:u,dtlb_load_misses.miss_causes_a_walk:u,dtlb_load_misses.pde_cache_miss:u,dtlb_load_misses.stlb_hit_4k:u,dtlb_load_misses.walk_completed_4k:u,dtlb_load_misses.walk_duration:u,dtlb_store_misses.miss_causes_a_walk:u,dtlb_store_misses.pde_cache_miss:u,dtlb_store_misses.stlb_hit_4k:u,dtlb_store_misses.walk_completed_4k:u,dtlb_store_misses.walk_duration:u,page_walker_loads.dtlb_l1:u,page_walker_loads.dtlb_l2:u,page_walker_loads.dtlb_l3:u,page_walker_loads.dtlb_memory:u,other_assists.any_wb_assist:u,mem_uops_retired.all_loads:u,mem_uops_retired.stlb_miss_loads:u,mem_uops_retired.all_stores:u,mem_uops_retired.stlb_miss_stores:u
[TURBOBOOST]
[SCALING GOVERNER]
[CPU AFFINITY]
[NUMA CONFIG]
policy: bind
preferred node: 0
physcpubind: 0 1 2 3 4 5 6 7 8 9 10 11 
cpubind: 0 
nodebind: 0 
membind: 0 
[ASLR]
[CF2 CONFIG]
Applying CF2CONFIG: /home/andrewm/thp_disabled.yaml
Successfully applied config!
[SWAP CONFIG]
swapoff UUID=6cf44486-5b39-4ecb-9fbf-f8bd2d0b1edc
[SETTLE DOWN]
Starting pre-experiment sleep
[EXPERIMENTS]
Starting experiments
Read Time:           15.90946
Graph has 50636151 nodes and 1930292948 directed edges for degree: 38
Trial Time:          0.77596
Trial Time:          0.83456
Trial Time:          0.76780
Trial Time:          0.77908
Trial Time:          0.82767
Trial Time:          0.04202
Trial Time:          0.78416
Trial Time:          0.77939
Trial Time:          0.82068
Trial Time:          0.81531
Trial Time:          0.78744
Trial Time:          0.78384
Trial Time:          0.74785
Trial Time:          0.76555
Trial Time:          0.04280
Trial Time:          0.78169
Trial Time:          0.77553
Trial Time:          0.82993
Trial Time:          0.04268
Trial Time:          0.77509
Trial Time:          0.72744
Trial Time:          0.79503
Trial Time:          0.82476
Trial Time:          0.77339
Trial Time:          0.78738
Trial Time:          0.92283
Trial Time:          0.86795
Trial Time:          0.77599
Trial Time:          0.82517
Trial Time:          0.74908
Trial Time:          0.77624
Trial Time:          0.79003
Trial Time:          0.82755
Trial Time:          0.75573
Trial Time:          0.76151
Trial Time:          0.77182
Trial Time:          0.77712
Trial Time:          0.77706
Trial Time:          0.70350
Trial Time:          0.84836
Trial Time:          0.80464
Trial Time:          0.04401
Trial Time:          0.79290
Trial Time:          0.76967
Trial Time:          0.77032
Trial Time:          0.83394
Trial Time:          0.76738
Trial Time:          0.77625
Trial Time:          0.87248
Trial Time:          0.77070
Trial Time:          0.69175
Trial Time:          0.75863
Trial Time:          0.79312
Trial Time:          0.04350
Trial Time:          0.73604
Trial Time:          0.84040
Trial Time:          0.90564
Trial Time:          0.78208
Trial Time:          0.77805
Trial Time:          0.80321
Trial Time:          0.87175
Trial Time:          0.82116
Trial Time:          0.78824
Trial Time:          0.78750
Average Time:        0.73438
