[INVOCATION AND ENVIRONMENT]
/home/andrewm/vmprof-tools/bin/vmprof_runner.sh invoked:
  PREFIX=benchmark/out/bfs-twitter
  COUNTERFILE=/home/andrewm/hugepage.counters
  CF2CONFIG=/home/andrewm/thp_disabled.yaml
  BENCHCPUS=0-11
  BENCHNUMANODE=0
  PERFCOUNTERS=instructions:u,cycles:u,dTLB-loads:u,dTLB-stores:u,dtlb_load_misses.miss_causes_a_walk:u,dtlb_load_misses.pde_cache_miss:u,dtlb_load_misses.stlb_hit_4k:u,dtlb_load_misses.walk_completed_4k:u,dtlb_load_misses.walk_duration:u,dtlb_store_misses.miss_causes_a_walk:u,dtlb_store_misses.pde_cache_miss:u,dtlb_store_misses.stlb_hit_4k:u,dtlb_store_misses.walk_completed_4k:u,dtlb_store_misses.walk_duration:u,page_walker_loads.dtlb_l1:u,page_walker_loads.dtlb_l2:u,page_walker_loads.dtlb_l3:u,page_walker_loads.dtlb_memory:u,other_assists.any_wb_assist:u,mem_uops_retired.all_loads:u,mem_uops_retired.stlb_miss_loads:u,mem_uops_retired.all_stores:u,mem_uops_retired.stlb_miss_stores:u
[TURBOBOOST]
[SCALING GOVERNER]
[CPU AFFINITY]
[NUMA CONFIG]
policy: bind
preferred node: 0
physcpubind: 0 1 2 3 4 5 6 7 8 9 10 11 
cpubind: 0 
nodebind: 0 
membind: 0 
[ASLR]
[CF2 CONFIG]
Applying CF2CONFIG: /home/andrewm/thp_disabled.yaml
Successfully applied config!
[SWAP CONFIG]
swapoff UUID=6cf44486-5b39-4ecb-9fbf-f8bd2d0b1edc
[SETTLE DOWN]
Starting pre-experiment sleep
[EXPERIMENTS]
Starting experiments
Read Time:           7.08245
Graph has 61578415 nodes and 1468364884 directed edges for degree: 23
Trial Time:          0.36749
Trial Time:          0.35792
Trial Time:          0.40443
Trial Time:          0.46692
Trial Time:          0.38471
Trial Time:          0.42928
Trial Time:          0.42527
Trial Time:          0.44299
Trial Time:          0.36345
Trial Time:          0.46599
Trial Time:          0.44981
Trial Time:          0.48288
Trial Time:          0.43756
Trial Time:          0.40553
Trial Time:          0.38703
Trial Time:          0.39601
Trial Time:          0.42435
Trial Time:          0.43358
Trial Time:          0.48659
Trial Time:          0.39364
Trial Time:          0.35731
Trial Time:          0.43665
Trial Time:          0.43410
Trial Time:          0.44267
Trial Time:          0.45696
Trial Time:          0.36721
Trial Time:          0.41281
Trial Time:          0.42741
Trial Time:          0.48056
Trial Time:          0.42847
Trial Time:          0.41031
Trial Time:          0.39165
Trial Time:          0.55417
Trial Time:          0.40533
Trial Time:          1.27803
Trial Time:          0.36329
Trial Time:          0.40092
Trial Time:          0.44388
Trial Time:          0.39983
Trial Time:          0.39486
Trial Time:          0.45288
Trial Time:          0.42805
Trial Time:          0.44742
Trial Time:          0.38212
Trial Time:          0.37220
Trial Time:          0.46470
Trial Time:          0.50040
Trial Time:          0.40436
Trial Time:          0.35646
Trial Time:          0.41446
Trial Time:          0.42007
Trial Time:          0.35951
Trial Time:          0.44172
Trial Time:          0.40144
Trial Time:          0.37911
Trial Time:          0.38180
Trial Time:          0.41037
Trial Time:          0.40923
Trial Time:          0.48101
Trial Time:          0.47681
Trial Time:          0.47510
Trial Time:          0.35302
Trial Time:          0.39066
Trial Time:          0.41829
Average Time:        0.43302
