[INVOCATION AND ENVIRONMENT]
/home/andrewm/vmprof-tools/bin/vmprof_runner.sh invoked:
  PREFIX=benchmark/out/sssp-web
  COUNTERFILE=/home/andrewm/hugepage.counters
  CF2CONFIG=/home/andrewm/thp_disabled.yaml
  BENCHCPUS=0-11
  BENCHNUMANODE=0
  PERFCOUNTERS=instructions:u,cycles:u,dTLB-loads:u,dTLB-stores:u,dtlb_load_misses.miss_causes_a_walk:u,dtlb_load_misses.pde_cache_miss:u,dtlb_load_misses.stlb_hit_4k:u,dtlb_load_misses.walk_completed_4k:u,dtlb_load_misses.walk_duration:u,dtlb_store_misses.miss_causes_a_walk:u,dtlb_store_misses.pde_cache_miss:u,dtlb_store_misses.stlb_hit_4k:u,dtlb_store_misses.walk_completed_4k:u,dtlb_store_misses.walk_duration:u,page_walker_loads.dtlb_l1:u,page_walker_loads.dtlb_l2:u,page_walker_loads.dtlb_l3:u,page_walker_loads.dtlb_memory:u,other_assists.any_wb_assist:u,mem_uops_retired.all_loads:u,mem_uops_retired.stlb_miss_loads:u,mem_uops_retired.all_stores:u,mem_uops_retired.stlb_miss_stores:u
[TURBOBOOST]
[SCALING GOVERNER]
[CPU AFFINITY]
[NUMA CONFIG]
policy: bind
preferred node: 0
physcpubind: 0 1 2 3 4 5 6 7 8 9 10 11 
cpubind: 0 
nodebind: 0 
membind: 0 
[ASLR]
[CF2 CONFIG]
Applying CF2CONFIG: /home/andrewm/thp_disabled.yaml
Successfully applied config!
[SWAP CONFIG]
swapoff UUID=6cf44486-5b39-4ecb-9fbf-f8bd2d0b1edc
[SETTLE DOWN]
Starting pre-experiment sleep
[EXPERIMENTS]
Starting experiments
Read Time:           32.75788
Graph has 50636151 nodes and 1930292948 directed edges for degree: 38
Trial Time:          2.49237
Trial Time:          2.19386
Trial Time:          2.19726
Trial Time:          2.20387
Trial Time:          2.18256
Trial Time:          0.01097
Trial Time:          2.37563
Trial Time:          2.21405
Trial Time:          2.19065
Trial Time:          2.19469
Trial Time:          2.18290
Trial Time:          2.41819
Trial Time:          2.22949
Trial Time:          2.19041
Trial Time:          0.01693
Trial Time:          2.19230
Trial Time:          2.19758
Trial Time:          2.43388
Trial Time:          0.01793
Trial Time:          2.22336
Trial Time:          2.20154
Trial Time:          2.18885
Trial Time:          2.20002
Trial Time:          2.19661
Trial Time:          2.42343
Trial Time:          2.19847
Trial Time:          2.19371
Trial Time:          2.18767
Trial Time:          2.17663
Trial Time:          2.39495
Trial Time:          2.22841
Trial Time:          2.19386
Trial Time:          2.18789
Trial Time:          2.19702
Trial Time:          2.44818
Trial Time:          2.22566
Trial Time:          2.19110
Trial Time:          2.19772
Trial Time:          2.19342
Trial Time:          2.43109
Trial Time:          2.23353
Trial Time:          0.01102
Trial Time:          2.19397
Trial Time:          2.19028
Trial Time:          2.19420
Trial Time:          2.29405
Trial Time:          2.39747
Trial Time:          2.19827
Trial Time:          2.19127
Trial Time:          2.20206
Trial Time:          2.19747
Trial Time:          2.40081
Trial Time:          2.19380
Trial Time:          0.02022
Trial Time:          2.18702
Trial Time:          2.18851
Trial Time:          2.19454
Trial Time:          2.41023
Trial Time:          2.22129
Trial Time:          2.19642
Trial Time:          2.19026
Trial Time:          2.18383
Trial Time:          2.43122
Trial Time:          2.22433
Average Time:        2.07127
