[INVOCATION AND ENVIRONMENT]
/home/andrew/vmprof-tools/bin/vmprof_runner.sh invoked:
  PREFIX=benchmark/out_thp/bfs-road
  COUNTERFILE=/home/andrew/hugepage.counters
  CF2CONFIG=/home/andrew/thp_enabled_minimal.yaml
  BENCHCPUS=0-11
  BENCHNUMANODE=0
  PERFCOUNTERS=instructions:u,cycles:u,dTLB-loads:u,dTLB-stores:u,dtlb_load_misses.miss_causes_a_walk:u,dtlb_load_misses.pde_cache_miss:u,dtlb_load_misses.stlb_hit_4k:u,dtlb_load_misses.walk_completed_4k:u,dtlb_load_misses.walk_duration:u,dtlb_store_misses.miss_causes_a_walk:u,dtlb_store_misses.pde_cache_miss:u,dtlb_store_misses.stlb_hit_4k:u,dtlb_store_misses.walk_completed_4k:u,dtlb_store_misses.walk_duration:u,ept.walk_cycles:u,page_walker_loads.dtlb_l1:u,page_walker_loads.dtlb_l2:u,page_walker_loads.dtlb_l3:u,page_walker_loads.dtlb_memory:u,page_walker_loads.ept_dtlb_l1:u,page_walker_loads.ept_dtlb_l2:u,page_walker_loads.ept_dtlb_l3:u,page_walker_loads.ept_dtlb_memory:u,other_assists.any_wb_assist:u,mem_uops_retired.all_loads:u,mem_uops_retired.stlb_miss_loads:u,mem_uops_retired.all_stores:u,mem_uops_retired.stlb_miss_stores:u
[CPU AFFINITY]
[NUMA CONFIG]
policy: bind
preferred node: 0
physcpubind: 0 1 2 3 4 5 6 7 8 9 10 11 
cpubind: 0 
nodebind: 0 
membind: 0 
[ASLR]
[CF2 CONFIG]
Applying CF2CONFIG: /home/andrew/thp_enabled_minimal.yaml
Successfully applied config!
[SWAP CONFIG]
swapoff /swap.img
[SETTLE DOWN]
Starting pre-experiment sleep
[EXPERIMENTS]
Starting experiments
Read Time:           0.42376
Graph has 23947347 nodes and 57708624 directed edges for degree: 2
Trial Time:          1.45684
Trial Time:          0.32265
Trial Time:          0.26566
Trial Time:          0.29351
Trial Time:          0.33078
Trial Time:          0.28135
Trial Time:          0.28579
Trial Time:          0.28729
Trial Time:          0.32323
Trial Time:          0.37065
Trial Time:          0.34790
Trial Time:          0.32055
Trial Time:          0.31132
Trial Time:          0.33181
Trial Time:          0.29202
Trial Time:          0.32061
Trial Time:          0.31580
Trial Time:          0.29688
Trial Time:          0.32363
Trial Time:          0.30843
Trial Time:          0.29650
Trial Time:          0.31155
Trial Time:          0.35371
Trial Time:          0.26213
Trial Time:          0.31428
Trial Time:          0.34547
Trial Time:          0.33241
Trial Time:          0.39561
Trial Time:          0.31028
Trial Time:          0.31433
Trial Time:          0.31590
Trial Time:          0.32332
Trial Time:          0.27269
Trial Time:          0.28784
Trial Time:          0.31756
Trial Time:          0.33407
Trial Time:          0.29768
Trial Time:          0.28022
Trial Time:          0.26802
Trial Time:          0.28245
Trial Time:          0.33602
Trial Time:          0.26678
Trial Time:          0.30849
Trial Time:          0.34192
Trial Time:          0.27561
Trial Time:          0.31447
Trial Time:          0.27730
Trial Time:          0.32289
Trial Time:          0.29734
Trial Time:          0.27023
Trial Time:          0.32639
Trial Time:          0.28703
Trial Time:          0.27770
Trial Time:          0.27770
Trial Time:          0.30211
Trial Time:          0.34600
Trial Time:          0.32682
Trial Time:          0.29306
Trial Time:          0.29012
Trial Time:          0.33155
Trial Time:          0.29590
Trial Time:          0.37495
Trial Time:          0.28328
Trial Time:          0.30538
Average Time:        0.32706
