[INVOCATION AND ENVIRONMENT]
/home/andrew/vmprof-tools/bin/vmprof_runner.sh invoked:
  PREFIX=benchmark/out_thp/bfs-web
  COUNTERFILE=/home/andrew/hugepage.counters
  CF2CONFIG=/home/andrew/thp_enabled_minimal.yaml
  BENCHCPUS=0-11
  BENCHNUMANODE=0
  PERFCOUNTERS=instructions:u,cycles:u,dTLB-loads:u,dTLB-stores:u,dtlb_load_misses.miss_causes_a_walk:u,dtlb_load_misses.pde_cache_miss:u,dtlb_load_misses.stlb_hit_4k:u,dtlb_load_misses.walk_completed_4k:u,dtlb_load_misses.walk_duration:u,dtlb_store_misses.miss_causes_a_walk:u,dtlb_store_misses.pde_cache_miss:u,dtlb_store_misses.stlb_hit_4k:u,dtlb_store_misses.walk_completed_4k:u,dtlb_store_misses.walk_duration:u,ept.walk_cycles:u,page_walker_loads.dtlb_l1:u,page_walker_loads.dtlb_l2:u,page_walker_loads.dtlb_l3:u,page_walker_loads.dtlb_memory:u,page_walker_loads.ept_dtlb_l1:u,page_walker_loads.ept_dtlb_l2:u,page_walker_loads.ept_dtlb_l3:u,page_walker_loads.ept_dtlb_memory:u,other_assists.any_wb_assist:u,mem_uops_retired.all_loads:u,mem_uops_retired.stlb_miss_loads:u,mem_uops_retired.all_stores:u,mem_uops_retired.stlb_miss_stores:u
[CPU AFFINITY]
[NUMA CONFIG]
policy: bind
preferred node: 0
physcpubind: 0 1 2 3 4 5 6 7 8 9 10 11 
cpubind: 0 
nodebind: 0 
membind: 0 
[ASLR]
[CF2 CONFIG]
Applying CF2CONFIG: /home/andrew/thp_enabled_minimal.yaml
Successfully applied config!
[SWAP CONFIG]
swapoff /swap.img
[SETTLE DOWN]
Starting pre-experiment sleep
[EXPERIMENTS]
Starting experiments
Read Time:           13.56224
Graph has 50636151 nodes and 1930292948 directed edges for degree: 38
Trial Time:          0.87427
Trial Time:          0.87809
Trial Time:          0.80295
Trial Time:          0.81627
Trial Time:          0.87093
Trial Time:          0.04436
Trial Time:          0.81998
Trial Time:          0.81226
Trial Time:          0.86842
Trial Time:          0.78175
Trial Time:          0.81072
Trial Time:          0.82040
Trial Time:          0.78640
Trial Time:          0.80279
Trial Time:          0.04658
Trial Time:          0.82458
Trial Time:          0.80706
Trial Time:          0.86695
Trial Time:          0.04449
Trial Time:          0.81890
Trial Time:          0.75391
Trial Time:          0.84755
Trial Time:          0.87379
Trial Time:          0.81492
Trial Time:          0.82619
Trial Time:          0.89122
Trial Time:          0.89900
Trial Time:          0.81576
Trial Time:          0.86476
Trial Time:          0.78797
Trial Time:          0.81090
Trial Time:          0.81896
Trial Time:          0.87726
Trial Time:          0.80830
Trial Time:          0.79792
Trial Time:          0.81819
Trial Time:          0.81526
Trial Time:          0.81798
Trial Time:          0.74562
Trial Time:          0.86895
Trial Time:          0.81176
Trial Time:          0.04480
Trial Time:          0.82603
Trial Time:          0.81569
Trial Time:          0.80236
Trial Time:          0.87784
Trial Time:          0.79564
Trial Time:          0.80979
Trial Time:          0.92166
Trial Time:          0.81673
Trial Time:          0.73032
Trial Time:          0.79373
Trial Time:          0.83382
Trial Time:          0.04582
Trial Time:          0.77743
Trial Time:          0.88355
Trial Time:          0.87344
Trial Time:          0.80967
Trial Time:          0.82197
Trial Time:          0.84256
Trial Time:          0.90868
Trial Time:          0.86360
Trial Time:          0.82509
Trial Time:          0.81617
Average Time:        0.76720
