[INVOCATION AND ENVIRONMENT]
/home/andrew/vmprof-tools/bin/vmprof_runner.sh invoked:
  PREFIX=benchmark/out_thp/pr-twitter
  COUNTERFILE=/home/andrew/hugepage.counters
  CF2CONFIG=/home/andrew/thp_enabled_minimal.yaml
  BENCHCPUS=0-11
  BENCHNUMANODE=0
  PERFCOUNTERS=instructions:u,cycles:u,dTLB-loads:u,dTLB-stores:u,dtlb_load_misses.miss_causes_a_walk:u,dtlb_load_misses.pde_cache_miss:u,dtlb_load_misses.stlb_hit_4k:u,dtlb_load_misses.walk_completed_4k:u,dtlb_load_misses.walk_duration:u,dtlb_store_misses.miss_causes_a_walk:u,dtlb_store_misses.pde_cache_miss:u,dtlb_store_misses.stlb_hit_4k:u,dtlb_store_misses.walk_completed_4k:u,dtlb_store_misses.walk_duration:u,ept.walk_cycles:u,page_walker_loads.dtlb_l1:u,page_walker_loads.dtlb_l2:u,page_walker_loads.dtlb_l3:u,page_walker_loads.dtlb_memory:u,page_walker_loads.ept_dtlb_l1:u,page_walker_loads.ept_dtlb_l2:u,page_walker_loads.ept_dtlb_l3:u,page_walker_loads.ept_dtlb_memory:u,other_assists.any_wb_assist:u,mem_uops_retired.all_loads:u,mem_uops_retired.stlb_miss_loads:u,mem_uops_retired.all_stores:u,mem_uops_retired.stlb_miss_stores:u
[CPU AFFINITY]
[NUMA CONFIG]
policy: bind
preferred node: 0
physcpubind: 0 1 2 3 4 5 6 7 8 9 10 11 
cpubind: 0 
nodebind: 0 
membind: 0 
[ASLR]
[CF2 CONFIG]
Applying CF2CONFIG: /home/andrew/thp_enabled_minimal.yaml
Successfully applied config!
[SWAP CONFIG]
swapoff /swap.img
[SETTLE DOWN]
Starting pre-experiment sleep
[EXPERIMENTS]
Starting experiments
Read Time:           6.14769
Graph has 61578415 nodes and 1468364884 directed edges for degree: 23
Trial Time:          22.73316
Trial Time:          22.83931
Trial Time:          22.40416
Trial Time:          22.33203
Trial Time:          21.96080
Trial Time:          22.09109
Trial Time:          21.83409
Trial Time:          21.84934
Trial Time:          21.86475
Trial Time:          21.73169
Trial Time:          21.77520
Trial Time:          21.72732
Trial Time:          21.73616
Trial Time:          21.72539
Trial Time:          21.68100
Trial Time:          21.81145
Average Time:        22.00606
