[INVOCATION AND ENVIRONMENT]
/home/andrew/vmprof-tools/bin/vmprof_runner.sh invoked:
  PREFIX=benchmark/out_thp/sssp-twitter
  COUNTERFILE=/home/andrew/hugepage.counters
  CF2CONFIG=/home/andrew/thp_enabled_minimal.yaml
  BENCHCPUS=0-11
  BENCHNUMANODE=0
  PERFCOUNTERS=instructions:u,cycles:u,dTLB-loads:u,dTLB-stores:u,dtlb_load_misses.miss_causes_a_walk:u,dtlb_load_misses.pde_cache_miss:u,dtlb_load_misses.stlb_hit_4k:u,dtlb_load_misses.walk_completed_4k:u,dtlb_load_misses.walk_duration:u,dtlb_store_misses.miss_causes_a_walk:u,dtlb_store_misses.pde_cache_miss:u,dtlb_store_misses.stlb_hit_4k:u,dtlb_store_misses.walk_completed_4k:u,dtlb_store_misses.walk_duration:u,ept.walk_cycles:u,page_walker_loads.dtlb_l1:u,page_walker_loads.dtlb_l2:u,page_walker_loads.dtlb_l3:u,page_walker_loads.dtlb_memory:u,page_walker_loads.ept_dtlb_l1:u,page_walker_loads.ept_dtlb_l2:u,page_walker_loads.ept_dtlb_l3:u,page_walker_loads.ept_dtlb_memory:u,other_assists.any_wb_assist:u,mem_uops_retired.all_loads:u,mem_uops_retired.stlb_miss_loads:u,mem_uops_retired.all_stores:u,mem_uops_retired.stlb_miss_stores:u
[CPU AFFINITY]
[NUMA CONFIG]
policy: bind
preferred node: 0
physcpubind: 0 1 2 3 4 5 6 7 8 9 10 11 
cpubind: 0 
nodebind: 0 
membind: 0 
[ASLR]
[CF2 CONFIG]
Applying CF2CONFIG: /home/andrew/thp_enabled_minimal.yaml
Successfully applied config!
[SWAP CONFIG]
swapoff /swap.img
[SETTLE DOWN]
Starting pre-experiment sleep
[EXPERIMENTS]
Starting experiments
Read Time:           64.73344
Graph has 61578415 nodes and 1468364884 directed edges for degree: 23
Trial Time:          3.26989
Trial Time:          3.20501
Trial Time:          3.16413
Trial Time:          3.18896
Trial Time:          3.19602
Trial Time:          3.08057
Trial Time:          3.15613
Trial Time:          3.16964
Trial Time:          3.19217
Trial Time:          3.06027
Trial Time:          3.07959
Trial Time:          3.12752
Trial Time:          3.11764
Trial Time:          3.10406
Trial Time:          3.13150
Trial Time:          3.08447
Trial Time:          3.10118
Trial Time:          3.10530
Trial Time:          3.20993
Trial Time:          3.12162
Trial Time:          3.17554
Trial Time:          3.12613
Trial Time:          3.07773
Trial Time:          3.09813
Trial Time:          3.11361
Trial Time:          3.13341
Trial Time:          3.08688
Trial Time:          3.10071
Trial Time:          3.10248
Trial Time:          3.07878
Trial Time:          3.10744
Trial Time:          3.12318
Trial Time:          3.17762
Trial Time:          3.12097
Trial Time:          3.08370
Trial Time:          3.10183
Trial Time:          3.11319
Trial Time:          3.12832
Trial Time:          3.16239
Trial Time:          3.21202
Trial Time:          3.17376
Trial Time:          3.16552
Trial Time:          3.06011
Trial Time:          3.15465
Trial Time:          3.15225
Trial Time:          3.09792
Trial Time:          3.11153
Trial Time:          3.12977
Trial Time:          3.16417
Trial Time:          3.15435
Trial Time:          3.16380
Trial Time:          3.16826
Trial Time:          3.09016
Trial Time:          3.07942
Trial Time:          3.16366
Trial Time:          3.16621
Trial Time:          3.17049
Trial Time:          3.19552
Trial Time:          3.17329
Trial Time:          3.13219
Trial Time:          3.14534
Trial Time:          3.06239
Trial Time:          3.04745
Trial Time:          3.12797
Average Time:        3.13343
