[INVOCATION AND ENVIRONMENT]
/home/andrew/vmprof-tools/bin/vmprof_runner.sh invoked:
  PREFIX=benchmark/out_thp/sssp-road
  COUNTERFILE=/home/andrew/hugepage.counters
  CF2CONFIG=/home/andrew/thp_enabled_minimal.yaml
  BENCHCPUS=0-11
  BENCHNUMANODE=0
  PERFCOUNTERS=instructions:u,cycles:u,dTLB-loads:u,dTLB-stores:u,dtlb_load_misses.miss_causes_a_walk:u,dtlb_load_misses.pde_cache_miss:u,dtlb_load_misses.stlb_hit_4k:u,dtlb_load_misses.walk_completed_4k:u,dtlb_load_misses.walk_duration:u,dtlb_store_misses.miss_causes_a_walk:u,dtlb_store_misses.pde_cache_miss:u,dtlb_store_misses.stlb_hit_4k:u,dtlb_store_misses.walk_completed_4k:u,dtlb_store_misses.walk_duration:u,ept.walk_cycles:u,page_walker_loads.dtlb_l1:u,page_walker_loads.dtlb_l2:u,page_walker_loads.dtlb_l3:u,page_walker_loads.dtlb_memory:u,page_walker_loads.ept_dtlb_l1:u,page_walker_loads.ept_dtlb_l2:u,page_walker_loads.ept_dtlb_l3:u,page_walker_loads.ept_dtlb_memory:u,other_assists.any_wb_assist:u,mem_uops_retired.all_loads:u,mem_uops_retired.stlb_miss_loads:u,mem_uops_retired.all_stores:u,mem_uops_retired.stlb_miss_stores:u
[CPU AFFINITY]
[NUMA CONFIG]
policy: bind
preferred node: 0
physcpubind: 0 1 2 3 4 5 6 7 8 9 10 11 
cpubind: 0 
nodebind: 0 
membind: 0 
[ASLR]
[CF2 CONFIG]
Applying CF2CONFIG: /home/andrew/thp_enabled_minimal.yaml
Successfully applied config!
[SWAP CONFIG]
swapoff /swap.img
[SETTLE DOWN]
Starting pre-experiment sleep
[EXPERIMENTS]
Starting experiments
Read Time:           0.62334
Graph has 23947347 nodes and 57708624 directed edges for degree: 2
Trial Time:          0.30863
Trial Time:          0.29386
Trial Time:          0.30472
Trial Time:          0.29141
Trial Time:          0.28397
Trial Time:          0.28346
Trial Time:          0.28069
Trial Time:          0.28291
Trial Time:          0.28113
Trial Time:          0.29973
Trial Time:          0.29073
Trial Time:          0.28270
Trial Time:          0.28205
Trial Time:          0.29261
Trial Time:          0.27234
Trial Time:          0.28146
Trial Time:          0.28417
Trial Time:          0.28521
Trial Time:          0.28818
Trial Time:          0.28512
Trial Time:          0.27990
Trial Time:          0.28811
Trial Time:          0.29286
Trial Time:          0.28207
Trial Time:          0.28820
Trial Time:          0.29059
Trial Time:          0.28950
Trial Time:          0.29147
Trial Time:          0.28457
Trial Time:          0.28786
Trial Time:          0.28698
Trial Time:          0.29045
Trial Time:          0.28490
Trial Time:          0.31593
Trial Time:          0.28490
Trial Time:          0.29819
Trial Time:          0.28348
Trial Time:          0.28373
Trial Time:          0.28516
Trial Time:          0.29694
Trial Time:          0.28946
Trial Time:          0.27100
Trial Time:          0.28288
Trial Time:          0.27777
Trial Time:          0.28074
Trial Time:          0.29241
Trial Time:          0.27764
Trial Time:          0.29185
Trial Time:          0.27399
Trial Time:          0.27094
Trial Time:          0.28163
Trial Time:          0.28300
Trial Time:          0.27518
Trial Time:          0.27121
Trial Time:          0.29245
Trial Time:          0.28865
Trial Time:          0.29292
Trial Time:          0.29241
Trial Time:          0.28285
Trial Time:          0.29199
Trial Time:          0.27598
Trial Time:          0.29087
Trial Time:          0.27797
Trial Time:          0.27840
Average Time:        0.28633
