[INVOCATION AND ENVIRONMENT]
/home/andrewm/vmprof-tools/bin/vmprof_runner.sh invoked:
  PREFIX=benchmark/out/bfs-twitter
  COUNTERFILE=/home/andrewm/hugepage.counters
  CF2CONFIG=/home/andrewm/thp_disabled.yaml
  BENCHCPUS=0-11
  BENCHNUMANODE=0
  PERFCOUNTERS=instructions:u,cycles:u,dtlb_load_misses.miss_causes_a_walk:u,dtlb_load_misses.pde_cache_miss:u,dtlb_load_misses.stlb_hit_2m:u,dtlb_load_misses.stlb_hit_4k:u,dtlb_load_misses.walk_completed_2m_4m:u,dtlb_load_misses.walk_completed_4k:u,dtlb_load_misses.walk_duration:u,dtlb_store_misses.miss_causes_a_walk:u,dtlb_store_misses.pde_cache_miss:u,dtlb_store_misses.stlb_hit_2m:u,dtlb_store_misses.stlb_hit_4k:u,dtlb_store_misses.walk_completed_2m_4m:u,dtlb_store_misses.walk_completed_4k:u,dtlb_store_misses.walk_duration:u,page_walker_loads.dtlb_l1:u,page_walker_loads.dtlb_l2:u,page_walker_loads.dtlb_l3:u,page_walker_loads.dtlb_memory:u,mem_uops_retired.all_loads:u,mem_uops_retired.stlb_miss_loads:u,mem_uops_retired.all_stores:u,mem_uops_retired.stlb_miss_stores:u
[TURBOBOOST]
[SCALING GOVERNER]
[CPU AFFINITY]
[NUMA CONFIG]
policy: bind
preferred node: 0
physcpubind: 0 1 2 3 4 5 6 7 8 9 10 11 
cpubind: 0 
nodebind: 0 
membind: 0 
[ASLR]
[CF2 CONFIG]
Applying CF2CONFIG: /home/andrewm/thp_disabled.yaml
Successfully applied config!
[SWAP CONFIG]
swapoff UUID=6cf44486-5b39-4ecb-9fbf-f8bd2d0b1edc
[SETTLE DOWN]
Starting pre-experiment sleep
[EXPERIMENTS]
Starting experiments
Read Time:           6.82015
Graph has 61578415 nodes and 1468364884 directed edges for degree: 23
Trial Time:          0.49684
Trial Time:          0.54168
Trial Time:          0.58457
Trial Time:          0.68066
Trial Time:          0.60077
Trial Time:          0.60249
Trial Time:          0.65084
Trial Time:          0.72012
Trial Time:          0.55157
Trial Time:          0.68019
Trial Time:          0.57079
Trial Time:          0.64901
Trial Time:          0.68630
Trial Time:          0.58879
Trial Time:          0.57449
Trial Time:          0.55867
Trial Time:          0.67102
Trial Time:          0.62056
Trial Time:          0.63791
Trial Time:          0.59245
Trial Time:          0.53217
Trial Time:          0.68403
Trial Time:          0.67967
Trial Time:          0.59973
Trial Time:          0.70028
Trial Time:          0.58318
Trial Time:          0.65693
Trial Time:          0.66815
Trial Time:          0.71346
Trial Time:          0.60950
Trial Time:          0.58446
Trial Time:          0.59186
Trial Time:          0.68786
Trial Time:          0.57985
Trial Time:          1.18697
Trial Time:          0.55270
Trial Time:          0.60089
Trial Time:          0.67244
Trial Time:          0.62846
Trial Time:          0.57340
Trial Time:          0.62633
Trial Time:          0.66907
Trial Time:          0.69901
Trial Time:          0.57093
Trial Time:          0.56439
Trial Time:          0.67418
Trial Time:          0.76093
Trial Time:          0.58410
Trial Time:          0.53933
Trial Time:          0.64330
Trial Time:          0.65196
Trial Time:          0.54403
Trial Time:          0.66492
Trial Time:          0.62900
Trial Time:          0.58122
Trial Time:          0.57711
Trial Time:          0.64287
Trial Time:          0.59320
Trial Time:          0.63628
Trial Time:          0.60622
Trial Time:          0.67082
Trial Time:          0.53436
Trial Time:          0.58275
Trial Time:          0.59379
Average Time:        0.62790
