[INVOCATION AND ENVIRONMENT]
/home/andrewm/vmprof-tools/bin/vmprof_runner.sh invoked:
  PREFIX=benchmark/out/bfs-urand
  COUNTERFILE=/home/andrewm/hugepage.counters
  CF2CONFIG=/home/andrewm/thp_disabled.yaml
  BENCHCPUS=0-11
  BENCHNUMANODE=0
  PERFCOUNTERS=instructions:u,cycles:u,dtlb_load_misses.miss_causes_a_walk:u,dtlb_load_misses.pde_cache_miss:u,dtlb_load_misses.stlb_hit_2m:u,dtlb_load_misses.stlb_hit_4k:u,dtlb_load_misses.walk_completed_2m_4m:u,dtlb_load_misses.walk_completed_4k:u,dtlb_load_misses.walk_duration:u,dtlb_store_misses.miss_causes_a_walk:u,dtlb_store_misses.pde_cache_miss:u,dtlb_store_misses.stlb_hit_2m:u,dtlb_store_misses.stlb_hit_4k:u,dtlb_store_misses.walk_completed_2m_4m:u,dtlb_store_misses.walk_completed_4k:u,dtlb_store_misses.walk_duration:u,page_walker_loads.dtlb_l1:u,page_walker_loads.dtlb_l2:u,page_walker_loads.dtlb_l3:u,page_walker_loads.dtlb_memory:u,mem_uops_retired.all_loads:u,mem_uops_retired.stlb_miss_loads:u,mem_uops_retired.all_stores:u,mem_uops_retired.stlb_miss_stores:u
[TURBOBOOST]
[SCALING GOVERNER]
[CPU AFFINITY]
[NUMA CONFIG]
policy: bind
preferred node: 0
physcpubind: 0 1 2 3 4 5 6 7 8 9 10 11 
cpubind: 0 
nodebind: 0 
membind: 0 
[ASLR]
[CF2 CONFIG]
Applying CF2CONFIG: /home/andrewm/thp_disabled.yaml
Successfully applied config!
[SWAP CONFIG]
swapoff UUID=6cf44486-5b39-4ecb-9fbf-f8bd2d0b1edc
[SETTLE DOWN]
Starting pre-experiment sleep
[EXPERIMENTS]
Starting experiments
Read Time:           9.46868
Graph has 134217728 nodes and 2147483394 undirected edges for degree: 15
Trial Time:          3.05237
Trial Time:          2.13558
Trial Time:          2.12020
Trial Time:          2.28187
Trial Time:          2.13331
Trial Time:          2.17013
Trial Time:          2.13353
Trial Time:          2.20766
Trial Time:          2.48961
Trial Time:          2.12412
Trial Time:          2.68258
Trial Time:          2.14841
Trial Time:          2.12612
Trial Time:          2.12815
Trial Time:          2.13960
Trial Time:          2.19134
Trial Time:          2.39845
Trial Time:          2.26209
Trial Time:          2.39989
Trial Time:          2.14250
Trial Time:          2.24039
Trial Time:          2.19507
Trial Time:          2.14775
Trial Time:          2.34726
Trial Time:          2.17154
Trial Time:          2.21321
Trial Time:          2.21630
Trial Time:          2.41374
Trial Time:          2.23875
Trial Time:          2.22200
Trial Time:          2.23397
Trial Time:          2.27457
Trial Time:          2.30186
Trial Time:          2.16749
Trial Time:          2.51740
Trial Time:          2.14769
Trial Time:          2.32712
Trial Time:          2.12486
Trial Time:          2.15795
Trial Time:          2.16553
Trial Time:          2.16573
Trial Time:          2.11915
Trial Time:          2.30788
Trial Time:          2.10536
Trial Time:          2.12546
Trial Time:          2.11008
Trial Time:          2.19690
Trial Time:          2.16092
Trial Time:          2.16828
Trial Time:          2.21216
Trial Time:          2.16324
Trial Time:          2.11902
Trial Time:          2.20505
Trial Time:          2.15556
Trial Time:          2.17673
Trial Time:          2.22226
Trial Time:          2.15272
Trial Time:          2.44516
Trial Time:          2.20394
Trial Time:          2.76531
Trial Time:          2.12784
Trial Time:          2.23107
Trial Time:          2.39758
Trial Time:          2.22686
Average Time:        2.24307
