[INVOCATION AND ENVIRONMENT]
/home/andrewm/vmprof-tools/bin/vmprof_runner.sh invoked:
  PREFIX=benchmark/out/cc-road
  COUNTERFILE=/home/andrewm/hugepage.counters
  CF2CONFIG=/home/andrewm/thp_disabled.yaml
  BENCHCPUS=0-11
  BENCHNUMANODE=0
  PERFCOUNTERS=instructions:u,cycles:u,dtlb_load_misses.miss_causes_a_walk:u,dtlb_load_misses.pde_cache_miss:u,dtlb_load_misses.stlb_hit_2m:u,dtlb_load_misses.stlb_hit_4k:u,dtlb_load_misses.walk_completed_2m_4m:u,dtlb_load_misses.walk_completed_4k:u,dtlb_load_misses.walk_duration:u,dtlb_store_misses.miss_causes_a_walk:u,dtlb_store_misses.pde_cache_miss:u,dtlb_store_misses.stlb_hit_2m:u,dtlb_store_misses.stlb_hit_4k:u,dtlb_store_misses.walk_completed_2m_4m:u,dtlb_store_misses.walk_completed_4k:u,dtlb_store_misses.walk_duration:u,page_walker_loads.dtlb_l1:u,page_walker_loads.dtlb_l2:u,page_walker_loads.dtlb_l3:u,page_walker_loads.dtlb_memory:u,mem_uops_retired.all_loads:u,mem_uops_retired.stlb_miss_loads:u,mem_uops_retired.all_stores:u,mem_uops_retired.stlb_miss_stores:u
[TURBOBOOST]
[SCALING GOVERNER]
[CPU AFFINITY]
[NUMA CONFIG]
policy: bind
preferred node: 0
physcpubind: 0 1 2 3 4 5 6 7 8 9 10 11 
cpubind: 0 
nodebind: 0 
membind: 0 
[ASLR]
[CF2 CONFIG]
Applying CF2CONFIG: /home/andrewm/thp_disabled.yaml
Successfully applied config!
[SWAP CONFIG]
swapoff UUID=6cf44486-5b39-4ecb-9fbf-f8bd2d0b1edc
[SETTLE DOWN]
Starting pre-experiment sleep
[EXPERIMENTS]
Starting experiments
Read Time:           0.58357
Graph has 23947347 nodes and 57708624 directed edges for degree: 2
Trial Time:          0.13209
Trial Time:          0.11360
Trial Time:          0.13319
Trial Time:          0.14773
Trial Time:          0.15117
Trial Time:          0.14748
Trial Time:          0.14666
Trial Time:          0.14755
Trial Time:          0.14865
Trial Time:          0.14738
Trial Time:          0.14696
Trial Time:          0.14659
Trial Time:          0.14591
Trial Time:          0.14701
Trial Time:          0.14709
Trial Time:          0.14697
Average Time:        0.14350
